Atmosphère Fatal Report (v1.1):
Result:                          0x615 (2021-0003)

Program ID:                      0100000000001003
Process Name:                    controller
Firmware:                        18.1.0 (Atmosphère 1.7.1-master-39c201e37)
General Purpose Registers:
         FP:                     0000003eae0086d0
         LR:                     00000018859bd594
         SP:                     0000003eae0086d0
         PC:                     00000018859516e8
Start Address:                   0000001885800000
Stack Trace:
        ReturnAddress[00]:       00000018859e0da8
        ReturnAddress[01]:       00000018859e0788
        ReturnAddress[02]:       00000018859e08b8
        ReturnAddress[03]:       00000018859168cc
        ReturnAddress[04]:       0000001885915c4c
        ReturnAddress[05]:       0000001885915d08
        ReturnAddress[06]:       0000001885915de8
        ReturnAddress[07]:       00000018859dfdcc
        ReturnAddress[08]:       00000018859dfacc
        ReturnAddress[09]:       0000001885b39aec
        ReturnAddress[10]:       0000001885b39804
        ReturnAddress[11]:       0000001885bc23b0
        ReturnAddress[12]:       00000018859eba2c
        ReturnAddress[13]:       0000001885a07a40
        ReturnAddress[14]:       0000001885a072b0
        ReturnAddress[15]:       000000188590c680
        ReturnAddress[16]:       000000188590f544
        ReturnAddress[17]:       0000000000000000
Stack Dump:                               00 01 02 03 04 05 06 07 08 09 0a 0b 0c 0d 0e 0f
                             003eae0086d0 70 87 00 ae 3e 00 00 00 a8 0d 9e 85 18 00 00 00
                             003eae0086e0 01 01 00 00 00 00 10 00 0c 00 00 80 01 00 00 00
                             003eae0086f0 03 00 00 00 00 00 00 00 00 00 00 00 00 00 00 00
                             003eae008700 05 00 00 00 00 00 00 00 00 00 00 00 08 00 00 00
                             003eae008710 00 00 00 00 14 00 00 00 00 00 00 00 00 00 00 00
                             003eae008720 00 40 46 45 15 00 00 00 00 00 00 00 00 00 00 00
                             003eae008730 00 00 00 00 00 00 00 00 00 00 00 00 00 00 00 00
                             003eae008740 58 87 00 ae 3e 00 00 00 15 00 00 00 00 00 00 00
                             003eae008750 a8 76 dd 85 18 00 00 00 50 02 00 00 00 00 00 00
                             003eae008760 e0 86 00 ae 3e 00 00 00 00 26 5f e1 19 00 00 00
                             003eae008770 e0 87 00 ae 3e 00 00 00 88 07 9e 85 18 00 00 00
                             003eae008780 43 e1 bc 85 18 00 00 00 d0 89 00 ae 3e 00 00 00
                             003eae008790 43 e1 bc 85 18 00 00 00 00 00 00 00 00 00 00 00
                             003eae0087a0 f0 82 d5 85 18 00 00 00 00 84 d5 85 18 00 00 00
                             003eae0087b0 18 88 00 ae 3e 00 00 00 00 00 00 00 00 00 00 00
                             003eae0087c0 30 83 d5 85 18 00 00 00 7c 65 c1 85 18 00 00 00
TLS Address:                 00000019e15f2600
TLS Dump:                                 00 01 02 03 04 05 06 07 08 09 0a 0b 0c 0d 0e 0f
                             0019e15f2600 06 00 10 00 0c 00 00 80 01 00 00 00 d8 01 22 00
                             0019e15f2610 00 00 00 00 50 02 00 00 a8 76 dd 85 04 00 00 80
                             0019e15f2620 53 46 43 49 01 00 00 00 02 00 00 00 00 00 00 00
                             0019e15f2630 15 06 00 00 00 00 00 00 00 00 00 00 00 00 00 00
                             0019e15f2640 00 00 00 00 00 00 00 00 9f 00 00 00 00 00 00 00
                             0019e15f2650 28 00 00 00 a8 6e 00 ae 3e 00 28 00 00 00 00 00
                             0019e15f2660 00 00 00 00 00 00 00 00 00 00 00 00 00 00 00 00
                             0019e15f2670 00 00 00 00 00 00 00 00 00 00 00 00 00 00 00 00
                             0019e15f2680 00 00 00 00 00 00 00 00 00 00 00 00 00 00 00 00
                             0019e15f2690 00 00 00 00 00 00 00 00 00 00 00 00 00 00 00 00
                             0019e15f26a0 00 00 00 00 00 00 00 00 00 00 00 00 00 00 00 00
                             0019e15f26b0 00 00 00 00 00 00 00 00 00 00 00 00 00 00 00 00
                             0019e15f26c0 00 00 00 00 00 00 00 00 00 00 00 00 00 00 00 00
                             0019e15f26d0 00 00 00 00 00 00 00 00 00 00 00 00 00 00 00 00
                             0019e15f26e0 00 00 00 00 00 00 00 00 00 00 00 00 00 00 00 00
                             0019e15f26f0 00 00 00 00 00 00 00 00 00 00 00 00 00 00 00 00
