Atmosphère Crash Report (v1.7):
Result:                          0x75B (2347-0003)

Process Info:
    Process Name:                Retroarch F
    Program ID:                  010d6fd3b35cd000
    Process ID:                  00000000000000b0
    Process Flags:               00000073
    User Exception Address:      00000000777cc000
Exception Info:
    Type:                        User Break
    Address:                     0000000072408b78 (hbl + 0x8b78)
    Break Reason:                0x0
    Break Address:               000000001ba3cfac
    Break Size:                  0x4
Crashed Thread Info:
    Thread ID:                   000000000000183e
    Stack Region:                000000001b93d000-000000001ba3d000
    Registers:
        X[00]:                   0000000000000000
        X[01]:                   000000001ba3cfac
        X[02]:                   0000000000000004
        X[03]:                   0000000000000000
        X[04]:                   0000000000000000
        X[05]:                   0000000072414c88
        X[06]:                   0000000072418ae0
        X[07]:                   0000000000000000
        X[08]:                   0000000000000000
        X[09]:                   0000000000000000
        X[10]:                   0000000000000000
        X[11]:                   0000000000000000
        X[12]:                   0000000000000000
        X[13]:                   0000000000000000
        X[14]:                   0000000000000000
        X[15]:                   0000000000000000
        X[16]:                   0000000000000000
        X[17]:                   0000000000000000
        X[18]:                   0000000000000000
        X[19]:                   0000000000000000
        X[20]:                   0000000000000000
        X[21]:                   0000000000000000
        X[22]:                   0000000000000000
        X[23]:                   0000000000000000
        X[24]:                   0000000000000000
        X[25]:                   0000000000000000
        X[26]:                   0000000000000000
        X[27]:                   0000000000000000
        X[28]:                   0000000000000000
        FP:                      000000001ba3cf90
        LR:                      000000007240567c (hbl + 0x567c)
        SP:                      000000001ba3cf90
        PC:                      0000000072408b74 (hbl + 0x8b74)
    Stack Trace:
        ReturnAddress[00]:       0000000072400b20 (hbl + 0xb20)
        ReturnAddress[01]:       000000054adc4d60
        ReturnAddress[02]:       000000054adc4d60
        ReturnAddress[03]:       000000054adc4d60
        ReturnAddress[04]:       000000054adc4d60
        ReturnAddress[05]:       000000054adc4d60
        ReturnAddress[06]:       000000054adc4d60
        ReturnAddress[07]:       000000054adc4d60
        ReturnAddress[08]:       000000054adc4d60
        ReturnAddress[09]:       000000054adc4d60
        ReturnAddress[10]:       000000054adc4d60
        ReturnAddress[11]:       000000054adc4d60
        ReturnAddress[12]:       000000054adc4d60
        ReturnAddress[13]:       000000054adc4d60
        ReturnAddress[14]:       000000054adc4d60
        ReturnAddress[15]:       000000054adc4d60
        ReturnAddress[16]:       000000054adc4d60
        ReturnAddress[17]:       000000054adc4d60
        ReturnAddress[18]:       000000054adc4d60
        ReturnAddress[19]:       000000054adc4d60
        ReturnAddress[20]:       000000054adc4d60
        ReturnAddress[21]:       000000054adc4d60
        ReturnAddress[22]:       000000054adc4d60
        ReturnAddress[23]:       000000054adc4d60
        ReturnAddress[24]:       000000054adc4d60
        ReturnAddress[25]:       000000054adc4d60
        ReturnAddress[26]:       000000054adc4d60
        ReturnAddress[27]:       000000054adc4d60
        ReturnAddress[28]:       000000054adc4d60
        ReturnAddress[29]:       000000054adc4d60
        ReturnAddress[30]:       000000054adc4d60
        ReturnAddress[31]:       000000054adc4d60
    Stack Dump:                               00 01 02 03 04 05 06 07 08 09 0a 0b 0c 0d 0e 0f
                                 00001ba3cf00 00 45 41 72 00 00 00 00 ff ff ff ff ff ff ff ff
                                 00001ba3cf10 60 cf a3 1b 00 00 00 00 fc d3 40 72 00 00 00 00
                                 00001ba3cf20 10 78 41 72 00 00 00 00 00 00 00 00 00 00 00 00
                                 00001ba3cf30 10 78 41 72 00 00 00 00 00 00 60 56 01 00 00 00
                                 00001ba3cf40 00 80 0e 00 00 00 00 00 00 e0 48 c6 00 00 00 00
                                 00001ba3cf50 c0 41 41 72 00 00 00 00 5c 88 40 72 00 00 00 00
                                 00001ba3cf60 b0 cf a3 1b 00 00 00 00 a0 09 40 72 00 00 00 00
                                 00001ba3cf70 60 76 41 72 00 00 00 00 00 70 41 72 00 00 00 00
                                 00001ba3cf80 b0 cf a3 1b 00 00 00 00 b0 cf a3 1b 00 00 00 00
                                 00001ba3cf90 b0 cf a3 1b 00 00 00 00 20 0b 40 72 00 00 00 00
                                 00001ba3cfa0 fd 81 02 00 00 00 00 00 23 00 00 00 5b 07 00 00
                                 00001ba3cfb0 b0 cf a3 1b 00 00 00 00 60 4d dc 4a 05 00 00 00
                                 00001ba3cfc0 00 00 00 00 00 00 00 00 60 76 41 72 00 00 00 00
                                 00001ba3cfd0 00 80 7d 4a 05 00 00 00 00 20 b7 00 00 00 00 00
                                 00001ba3cfe0 60 87 41 72 00 00 00 00 00 e0 48 c6 00 00 00 00
                                 00001ba3cff0 c0 41 41 72 00 00 00 00 ff ff ff ff ff ff ff ff
    TLS Address:                 00000000777cc200
    TLS Dump:                                 00 01 02 03 04 05 06 07 08 09 0a 0b 0c 0d 0e 0f
                                 0000777cc200 00 00 00 00 0c 00 00 00 00 00 00 00 00 00 00 00
                                 0000777cc210 00 00 00 00 00 00 00 00 00 00 00 00 00 00 00 00
                                 0000777cc220 53 46 43 4f 00 00 00 00 02 02 00 00 e7 59 ea d4
                                 0000777cc230 00 00 00 00 00 00 00 00 00 00 00 00 00 00 00 00
                                 0000777cc240 00 02 00 00 00 00 00 00 10 00 00 00 00 00 00 00
                                 0000777cc250 04 00 50 01 98 cd a3 1b 00 00 04 00 00 00 00 00
                                 0000777cc260 01 00 00 00 18 00 00 00 78 cc a3 1b 00 00 18 00
                                 0000777cc270 b0 00 00 00 00 00 00 00 b0 00 00 00 00 00 00 00
                                 0000777cc280 00 00 00 00 00 00 00 00 00 00 00 00 00 00 00 00
                                 0000777cc290 00 00 00 00 00 00 00 00 00 00 00 00 00 00 00 00
                                 0000777cc2a0 00 00 00 00 00 00 00 00 00 00 00 00 00 00 00 00
                                 0000777cc2b0 00 00 00 00 00 00 00 00 00 00 00 00 00 00 00 00
                                 0000777cc2c0 00 00 00 00 00 00 00 00 00 00 00 00 00 00 00 00
                                 0000777cc2d0 00 00 00 00 00 00 00 00 00 00 00 00 00 00 00 00
                                 0000777cc2e0 00 00 00 00 00 00 00 00 00 00 00 00 00 00 00 00
                                 0000777cc2f0 00 00 00 00 00 00 00 00 00 00 00 00 00 00 00 00
Module Info:
    Number of Modules:           1
    Module 00:
        Address:                 0000000072400000-000000007240e000
        Name:                    hbl
        Module Id:               D028E66F866EAFA0825EB5A06AE3C05EFFF1AC62000000000000000000000000
Thread Report:
Number of Threads:               01
Threads[00]:
    Thread ID:                   000000000000183e
    Stack Region:                000000001b93d000-000000001ba3d000
    Registers:
        X[00]:                   0000000000000000
        X[01]:                   000000001ba3cfac
        X[02]:                   0000000000000004
        X[03]:                   0000000000000000
        X[04]:                   0000000000000000
        X[05]:                   0000000072414c88
        X[06]:                   0000000072418ae0
        X[07]:                   0000000000000000
        X[08]:                   0000000000000000
        X[09]:                   0000000000000000
        X[10]:                   0000000000000000
        X[11]:                   0000000000000000
        X[12]:                   0000000000000000
        X[13]:                   0000000000000000
        X[14]:                   0000000000000000
        X[15]:                   0000000000000000
        X[16]:                   0000000000000000
        X[17]:                   0000000000000000
        X[18]:                   0000000000000000
        X[19]:                   0000000000000000
        X[20]:                   0000000000000000
        X[21]:                   0000000000000000
        X[22]:                   0000000000000000
        X[23]:                   0000000000000000
        X[24]:                   0000000000000000
        X[25]:                   0000000000000000
        X[26]:                   0000000000000000
        X[27]:                   0000000000000000
        X[28]:                   0000000000000000
        FP:                      000000001ba3cf90
        LR:                      000000007240567c (hbl + 0x567c)
        SP:                      000000001ba3cf90
        PC:                      0000000072408b74 (hbl + 0x8b74)
    Stack Trace:
        ReturnAddress[00]:       0000000072400b20 (hbl + 0xb20)
        ReturnAddress[01]:       000000054adc4d60
        ReturnAddress[02]:       000000054adc4d60
        ReturnAddress[03]:       000000054adc4d60
        ReturnAddress[04]:       000000054adc4d60
        ReturnAddress[05]:       000000054adc4d60
        ReturnAddress[06]:       000000054adc4d60
        ReturnAddress[07]:       000000054adc4d60
        ReturnAddress[08]:       000000054adc4d60
        ReturnAddress[09]:       000000054adc4d60
        ReturnAddress[10]:       000000054adc4d60
        ReturnAddress[11]:       000000054adc4d60
        ReturnAddress[12]:       000000054adc4d60
        ReturnAddress[13]:       000000054adc4d60
        ReturnAddress[14]:       000000054adc4d60
        ReturnAddress[15]:       000000054adc4d60
        ReturnAddress[16]:       000000054adc4d60
        ReturnAddress[17]:       000000054adc4d60
        ReturnAddress[18]:       000000054adc4d60
        ReturnAddress[19]:       000000054adc4d60
        ReturnAddress[20]:       000000054adc4d60
        ReturnAddress[21]:       000000054adc4d60
        ReturnAddress[22]:       000000054adc4d60
        ReturnAddress[23]:       000000054adc4d60
        ReturnAddress[24]:       000000054adc4d60
        ReturnAddress[25]:       000000054adc4d60
        ReturnAddress[26]:       000000054adc4d60
        ReturnAddress[27]:       000000054adc4d60
        ReturnAddress[28]:       000000054adc4d60
        ReturnAddress[29]:       000000054adc4d60
        ReturnAddress[30]:       000000054adc4d60
        ReturnAddress[31]:       000000054adc4d60
    Stack Dump:                               00 01 02 03 04 05 06 07 08 09 0a 0b 0c 0d 0e 0f
                                 00001ba3cf00 00 45 41 72 00 00 00 00 ff ff ff ff ff ff ff ff
                                 00001ba3cf10 60 cf a3 1b 00 00 00 00 fc d3 40 72 00 00 00 00
                                 00001ba3cf20 10 78 41 72 00 00 00 00 00 00 00 00 00 00 00 00
                                 00001ba3cf30 10 78 41 72 00 00 00 00 00 00 60 56 01 00 00 00
                                 00001ba3cf40 00 80 0e 00 00 00 00 00 00 e0 48 c6 00 00 00 00
                                 00001ba3cf50 c0 41 41 72 00 00 00 00 5c 88 40 72 00 00 00 00
                                 00001ba3cf60 b0 cf a3 1b 00 00 00 00 a0 09 40 72 00 00 00 00
                                 00001ba3cf70 60 76 41 72 00 00 00 00 00 70 41 72 00 00 00 00
                                 00001ba3cf80 b0 cf a3 1b 00 00 00 00 b0 cf a3 1b 00 00 00 00
                                 00001ba3cf90 b0 cf a3 1b 00 00 00 00 20 0b 40 72 00 00 00 00
                                 00001ba3cfa0 fd 81 02 00 00 00 00 00 23 00 00 00 5b 07 00 00
                                 00001ba3cfb0 b0 cf a3 1b 00 00 00 00 60 4d dc 4a 05 00 00 00
                                 00001ba3cfc0 00 00 00 00 00 00 00 00 60 76 41 72 00 00 00 00
                                 00001ba3cfd0 00 80 7d 4a 05 00 00 00 00 20 b7 00 00 00 00 00
                                 00001ba3cfe0 60 87 41 72 00 00 00 00 00 e0 48 c6 00 00 00 00
                                 00001ba3cff0 c0 41 41 72 00 00 00 00 ff ff ff ff ff ff ff ff
    TLS Address:                 00000000777cc200
    TLS Dump:                                 00 01 02 03 04 05 06 07 08 09 0a 0b 0c 0d 0e 0f
                                 0000777cc200 00 00 00 00 0c 00 00 00 00 00 00 00 00 00 00 00
                                 0000777cc210 00 00 00 00 00 00 00 00 00 00 00 00 00 00 00 00
                                 0000777cc220 53 46 43 4f 00 00 00 00 02 02 00 00 e7 59 ea d4
                                 0000777cc230 00 00 00 00 00 00 00 00 00 00 00 00 00 00 00 00
                                 0000777cc240 00 02 00 00 00 00 00 00 10 00 00 00 00 00 00 00
                                 0000777cc250 04 00 50 01 98 cd a3 1b 00 00 04 00 00 00 00 00
                                 0000777cc260 01 00 00 00 18 00 00 00 78 cc a3 1b 00 00 18 00
                                 0000777cc270 b0 00 00 00 00 00 00 00 b0 00 00 00 00 00 00 00
                                 0000777cc280 00 00 00 00 00 00 00 00 00 00 00 00 00 00 00 00
                                 0000777cc290 00 00 00 00 00 00 00 00 00 00 00 00 00 00 00 00
                                 0000777cc2a0 00 00 00 00 00 00 00 00 00 00 00 00 00 00 00 00
                                 0000777cc2b0 00 00 00 00 00 00 00 00 00 00 00 00 00 00 00 00
                                 0000777cc2c0 00 00 00 00 00 00 00 00 00 00 00 00 00 00 00 00
                                 0000777cc2d0 00 00 00 00 00 00 00 00 00 00 00 00 00 00 00 00
                                 0000777cc2e0 00 00 00 00 00 00 00 00 00 00 00 00 00 00 00 00
                                 0000777cc2f0 00 00 00 00 00 00 00 00 00 00 00 00 00 00 00 00
