Atmosphère Crash Report (v1.7):
Result:                          0x75B (2347-0003)

Process Info:
    Process Name:                Retroarch F
    Program ID:                  010d6fd3b35cd000
    Process ID:                  00000000000000ad
    Process Flags:               00000073
    User Exception Address:      00000000157c2000
Exception Info:
    Type:                        User Break
    Address:                     0000000048408b78 (hbl + 0x8b78)
    Break Reason:                0x0
    Break Address:               00000000139a1fac
    Break Size:                  0x4
Crashed Thread Info:
    Thread ID:                   0000000000001815
    Stack Region:                00000000138a2000-00000000139a2000
    Registers:
        X[00]:                   0000000000000000
        X[01]:                   00000000139a1fac
        X[02]:                   0000000000000004
        X[03]:                   0000000000000000
        X[04]:                   0000000000000000
        X[05]:                   0000000048414c88
        X[06]:                   0000000048418ae0
        X[07]:                   0000000000000000
        X[08]:                   0000000000000000
        X[09]:                   0000000000000000
        X[10]:                   0000000000000000
        X[11]:                   0000000000000000
        X[12]:                   0000000000000000
        X[13]:                   0000000000000000
        X[14]:                   0000000000000000
        X[15]:                   0000000000000000
        X[16]:                   0000000000000000
        X[17]:                   0000000000000000
        X[18]:                   0000000000000000
        X[19]:                   0000000000000000
        X[20]:                   0000000000000000
        X[21]:                   0000000000000000
        X[22]:                   0000000000000000
        X[23]:                   0000000000000000
        X[24]:                   0000000000000000
        X[25]:                   0000000000000000
        X[26]:                   0000000000000000
        X[27]:                   0000000000000000
        X[28]:                   0000000000000000
        FP:                      00000000139a1f90
        LR:                      000000004840567c (hbl + 0x567c)
        SP:                      00000000139a1f90
        PC:                      0000000048408b74 (hbl + 0x8b74)
    Stack Trace:
        ReturnAddress[00]:       0000000048400b20 (hbl + 0xb20)
        ReturnAddress[01]:       000000058a5bd680
        ReturnAddress[02]:       000000058a5bd680
        ReturnAddress[03]:       000000058a5bd680
        ReturnAddress[04]:       000000058a5bd680
        ReturnAddress[05]:       000000058a5bd680
        ReturnAddress[06]:       000000058a5bd680
        ReturnAddress[07]:       000000058a5bd680
        ReturnAddress[08]:       000000058a5bd680
        ReturnAddress[09]:       000000058a5bd680
        ReturnAddress[10]:       000000058a5bd680
        ReturnAddress[11]:       000000058a5bd680
        ReturnAddress[12]:       000000058a5bd680
        ReturnAddress[13]:       000000058a5bd680
        ReturnAddress[14]:       000000058a5bd680
        ReturnAddress[15]:       000000058a5bd680
        ReturnAddress[16]:       000000058a5bd680
        ReturnAddress[17]:       000000058a5bd680
        ReturnAddress[18]:       000000058a5bd680
        ReturnAddress[19]:       000000058a5bd680
        ReturnAddress[20]:       000000058a5bd680
        ReturnAddress[21]:       000000058a5bd680
        ReturnAddress[22]:       000000058a5bd680
        ReturnAddress[23]:       000000058a5bd680
        ReturnAddress[24]:       000000058a5bd680
        ReturnAddress[25]:       000000058a5bd680
        ReturnAddress[26]:       000000058a5bd680
        ReturnAddress[27]:       000000058a5bd680
        ReturnAddress[28]:       000000058a5bd680
        ReturnAddress[29]:       000000058a5bd680
        ReturnAddress[30]:       000000058a5bd680
        ReturnAddress[31]:       000000058a5bd680
    Stack Dump:                               00 01 02 03 04 05 06 07 08 09 0a 0b 0c 0d 0e 0f
                                 0000139a1f00 00 45 41 48 00 00 00 00 ff ff ff ff ff ff ff ff
                                 0000139a1f10 60 1f 9a 13 00 00 00 00 fc d3 40 48 00 00 00 00
                                 0000139a1f20 10 78 41 48 00 00 00 00 00 00 00 00 00 00 00 00
                                 0000139a1f30 10 78 41 48 00 00 00 00 00 00 a0 ad 08 00 00 00
                                 0000139a1f40 00 10 18 00 00 00 00 00 00 d0 39 c6 00 00 00 00
                                 0000139a1f50 c0 41 41 48 00 00 00 00 5c 88 40 48 00 00 00 00
                                 0000139a1f60 b0 1f 9a 13 00 00 00 00 a0 09 40 48 00 00 00 00
                                 0000139a1f70 60 76 41 48 00 00 00 00 00 70 41 48 00 00 00 00
                                 0000139a1f80 b0 1f 9a 13 00 00 00 00 b0 1f 9a 13 00 00 00 00
                                 0000139a1f90 b0 1f 9a 13 00 00 00 00 20 0b 40 48 00 00 00 00
                                 0000139a1fa0 fd 81 02 00 00 00 00 00 23 00 00 00 5b 07 00 00
                                 0000139a1fb0 b0 1f 9a 13 00 00 00 00 80 d6 5b 8a 05 00 00 00
                                 0000139a1fc0 00 00 00 00 00 00 00 00 60 76 41 48 00 00 00 00
                                 0000139a1fd0 00 b0 46 8a 05 00 00 00 00 30 c6 00 00 00 00 00
                                 0000139a1fe0 60 87 41 48 00 00 00 00 00 d0 39 c6 00 00 00 00
                                 0000139a1ff0 c0 41 41 48 00 00 00 00 ff ff ff ff ff ff ff ff
    TLS Address:                 00000000157c2200
    TLS Dump:                                 00 01 02 03 04 05 06 07 08 09 0a 0b 0c 0d 0e 0f
                                 0000157c2200 00 00 00 00 0c 00 00 00 00 00 00 00 00 00 00 00
                                 0000157c2210 00 00 00 00 00 00 00 00 00 00 00 00 00 00 00 00
                                 0000157c2220 53 46 43 4f 00 00 00 00 02 02 00 00 e7 59 ea d4
                                 0000157c2230 00 00 00 00 00 00 00 00 00 00 00 00 00 00 00 00
                                 0000157c2240 00 02 00 00 00 00 00 00 10 00 00 00 00 00 00 00
                                 0000157c2250 04 00 4e 01 18 1b 9a 13 00 00 04 00 00 00 00 00
                                 0000157c2260 00 00 00 00 18 00 00 00 f8 19 9a 13 00 00 18 00
                                 0000157c2270 6f 00 00 00 00 00 00 00 ad 00 00 00 00 00 00 00
                                 0000157c2280 00 00 00 00 00 00 00 00 00 00 00 00 00 00 00 00
                                 0000157c2290 00 00 00 00 00 00 00 00 00 00 00 00 00 00 00 00
                                 0000157c22a0 00 00 00 00 00 00 00 00 00 00 00 00 00 00 00 00
                                 0000157c22b0 00 00 00 00 00 00 00 00 00 00 00 00 00 00 00 00
                                 0000157c22c0 00 00 00 00 00 00 00 00 00 00 00 00 00 00 00 00
                                 0000157c22d0 00 00 00 00 00 00 00 00 00 00 00 00 00 00 00 00
                                 0000157c22e0 00 00 00 00 00 00 00 00 00 00 00 00 00 00 00 00
                                 0000157c22f0 00 00 00 00 00 00 00 00 00 00 00 00 00 00 00 00
Module Info:
    Number of Modules:           1
    Module 00:
        Address:                 0000000048400000-000000004840e000
        Name:                    hbl
        Module Id:               D028E66F866EAFA0825EB5A06AE3C05EFFF1AC62000000000000000000000000
Thread Report:
Number of Threads:               01
Threads[00]:
    Thread ID:                   0000000000001815
    Stack Region:                00000000138a2000-00000000139a2000
    Registers:
        X[00]:                   0000000000000000
        X[01]:                   00000000139a1fac
        X[02]:                   0000000000000004
        X[03]:                   0000000000000000
        X[04]:                   0000000000000000
        X[05]:                   0000000048414c88
        X[06]:                   0000000048418ae0
        X[07]:                   0000000000000000
        X[08]:                   0000000000000000
        X[09]:                   0000000000000000
        X[10]:                   0000000000000000
        X[11]:                   0000000000000000
        X[12]:                   0000000000000000
        X[13]:                   0000000000000000
        X[14]:                   0000000000000000
        X[15]:                   0000000000000000
        X[16]:                   0000000000000000
        X[17]:                   0000000000000000
        X[18]:                   0000000000000000
        X[19]:                   0000000000000000
        X[20]:                   0000000000000000
        X[21]:                   0000000000000000
        X[22]:                   0000000000000000
        X[23]:                   0000000000000000
        X[24]:                   0000000000000000
        X[25]:                   0000000000000000
        X[26]:                   0000000000000000
        X[27]:                   0000000000000000
        X[28]:                   0000000000000000
        FP:                      00000000139a1f90
        LR:                      000000004840567c (hbl + 0x567c)
        SP:                      00000000139a1f90
        PC:                      0000000048408b74 (hbl + 0x8b74)
    Stack Trace:
        ReturnAddress[00]:       0000000048400b20 (hbl + 0xb20)
        ReturnAddress[01]:       000000058a5bd680
        ReturnAddress[02]:       000000058a5bd680
        ReturnAddress[03]:       000000058a5bd680
        ReturnAddress[04]:       000000058a5bd680
        ReturnAddress[05]:       000000058a5bd680
        ReturnAddress[06]:       000000058a5bd680
        ReturnAddress[07]:       000000058a5bd680
        ReturnAddress[08]:       000000058a5bd680
        ReturnAddress[09]:       000000058a5bd680
        ReturnAddress[10]:       000000058a5bd680
        ReturnAddress[11]:       000000058a5bd680
        ReturnAddress[12]:       000000058a5bd680
        ReturnAddress[13]:       000000058a5bd680
        ReturnAddress[14]:       000000058a5bd680
        ReturnAddress[15]:       000000058a5bd680
        ReturnAddress[16]:       000000058a5bd680
        ReturnAddress[17]:       000000058a5bd680
        ReturnAddress[18]:       000000058a5bd680
        ReturnAddress[19]:       000000058a5bd680
        ReturnAddress[20]:       000000058a5bd680
        ReturnAddress[21]:       000000058a5bd680
        ReturnAddress[22]:       000000058a5bd680
        ReturnAddress[23]:       000000058a5bd680
        ReturnAddress[24]:       000000058a5bd680
        ReturnAddress[25]:       000000058a5bd680
        ReturnAddress[26]:       000000058a5bd680
        ReturnAddress[27]:       000000058a5bd680
        ReturnAddress[28]:       000000058a5bd680
        ReturnAddress[29]:       000000058a5bd680
        ReturnAddress[30]:       000000058a5bd680
        ReturnAddress[31]:       000000058a5bd680
    Stack Dump:                               00 01 02 03 04 05 06 07 08 09 0a 0b 0c 0d 0e 0f
                                 0000139a1f00 00 45 41 48 00 00 00 00 ff ff ff ff ff ff ff ff
                                 0000139a1f10 60 1f 9a 13 00 00 00 00 fc d3 40 48 00 00 00 00
                                 0000139a1f20 10 78 41 48 00 00 00 00 00 00 00 00 00 00 00 00
                                 0000139a1f30 10 78 41 48 00 00 00 00 00 00 a0 ad 08 00 00 00
                                 0000139a1f40 00 10 18 00 00 00 00 00 00 d0 39 c6 00 00 00 00
                                 0000139a1f50 c0 41 41 48 00 00 00 00 5c 88 40 48 00 00 00 00
                                 0000139a1f60 b0 1f 9a 13 00 00 00 00 a0 09 40 48 00 00 00 00
                                 0000139a1f70 60 76 41 48 00 00 00 00 00 70 41 48 00 00 00 00
                                 0000139a1f80 b0 1f 9a 13 00 00 00 00 b0 1f 9a 13 00 00 00 00
                                 0000139a1f90 b0 1f 9a 13 00 00 00 00 20 0b 40 48 00 00 00 00
                                 0000139a1fa0 fd 81 02 00 00 00 00 00 23 00 00 00 5b 07 00 00
                                 0000139a1fb0 b0 1f 9a 13 00 00 00 00 80 d6 5b 8a 05 00 00 00
                                 0000139a1fc0 00 00 00 00 00 00 00 00 60 76 41 48 00 00 00 00
                                 0000139a1fd0 00 b0 46 8a 05 00 00 00 00 30 c6 00 00 00 00 00
                                 0000139a1fe0 60 87 41 48 00 00 00 00 00 d0 39 c6 00 00 00 00
                                 0000139a1ff0 c0 41 41 48 00 00 00 00 ff ff ff ff ff ff ff ff
    TLS Address:                 00000000157c2200
    TLS Dump:                                 00 01 02 03 04 05 06 07 08 09 0a 0b 0c 0d 0e 0f
                                 0000157c2200 00 00 00 00 0c 00 00 00 00 00 00 00 00 00 00 00
                                 0000157c2210 00 00 00 00 00 00 00 00 00 00 00 00 00 00 00 00
                                 0000157c2220 53 46 43 4f 00 00 00 00 02 02 00 00 e7 59 ea d4
                                 0000157c2230 00 00 00 00 00 00 00 00 00 00 00 00 00 00 00 00
                                 0000157c2240 00 02 00 00 00 00 00 00 10 00 00 00 00 00 00 00
                                 0000157c2250 04 00 4e 01 18 1b 9a 13 00 00 04 00 00 00 00 00
                                 0000157c2260 00 00 00 00 18 00 00 00 f8 19 9a 13 00 00 18 00
                                 0000157c2270 6f 00 00 00 00 00 00 00 ad 00 00 00 00 00 00 00
                                 0000157c2280 00 00 00 00 00 00 00 00 00 00 00 00 00 00 00 00
                                 0000157c2290 00 00 00 00 00 00 00 00 00 00 00 00 00 00 00 00
                                 0000157c22a0 00 00 00 00 00 00 00 00 00 00 00 00 00 00 00 00
                                 0000157c22b0 00 00 00 00 00 00 00 00 00 00 00 00 00 00 00 00
                                 0000157c22c0 00 00 00 00 00 00 00 00 00 00 00 00 00 00 00 00
                                 0000157c22d0 00 00 00 00 00 00 00 00 00 00 00 00 00 00 00 00
                                 0000157c22e0 00 00 00 00 00 00 00 00 00 00 00 00 00 00 00 00
                                 0000157c22f0 00 00 00 00 00 00 00 00 00 00 00 00 00 00 00 00
