Atmosphère Crash Report (v1.7):
Result:                          0x75B (2347-0003)

Process Info:
    Process Name:                Retroarch F
    Program ID:                  010d6fd3b35cd000
    Process ID:                  000000000000008a
    Process Flags:               00000073
    User Exception Address:      0000000029b6a000
Exception Info:
    Type:                        User Break
    Address:                     0000000036a08b78 (hbl + 0x8b78)
    Break Reason:                0x0
    Break Address:               0000000008e9cfac
    Break Size:                  0x4
Crashed Thread Info:
    Thread ID:                   0000000000000739
    Stack Region:                0000000008d9d000-0000000008e9d000
    Registers:
        X[00]:                   0000000000000000
        X[01]:                   0000000008e9cfac
        X[02]:                   0000000000000004
        X[03]:                   0000000000000000
        X[04]:                   0000000000000000
        X[05]:                   0000000036a14c88
        X[06]:                   0000000036a18ae0
        X[07]:                   0000000000000000
        X[08]:                   0000000000000000
        X[09]:                   0000000000000000
        X[10]:                   0000000000000000
        X[11]:                   0000000000000000
        X[12]:                   0000000000000000
        X[13]:                   0000000000000000
        X[14]:                   0000000000000000
        X[15]:                   0000000000000000
        X[16]:                   0000000000000000
        X[17]:                   0000000000000000
        X[18]:                   0000000000000000
        X[19]:                   0000000000000000
        X[20]:                   0000000000000000
        X[21]:                   0000000000000000
        X[22]:                   0000000000000000
        X[23]:                   0000000000000000
        X[24]:                   0000000000000000
        X[25]:                   0000000000000000
        X[26]:                   0000000000000000
        X[27]:                   0000000000000000
        X[28]:                   0000000000000000
        FP:                      0000000008e9cf90
        LR:                      0000000036a0567c (hbl + 0x567c)
        SP:                      0000000008e9cf90
        PC:                      0000000036a08b74 (hbl + 0x8b74)
    Stack Trace:
        ReturnAddress[00]:       0000000036a00b20 (hbl + 0xb20)
        ReturnAddress[01]:       000000024ad2c680
        ReturnAddress[02]:       000000024ad2c680
        ReturnAddress[03]:       000000024ad2c680
        ReturnAddress[04]:       000000024ad2c680
        ReturnAddress[05]:       000000024ad2c680
        ReturnAddress[06]:       000000024ad2c680
        ReturnAddress[07]:       000000024ad2c680
        ReturnAddress[08]:       000000024ad2c680
        ReturnAddress[09]:       000000024ad2c680
        ReturnAddress[10]:       000000024ad2c680
        ReturnAddress[11]:       000000024ad2c680
        ReturnAddress[12]:       000000024ad2c680
        ReturnAddress[13]:       000000024ad2c680
        ReturnAddress[14]:       000000024ad2c680
        ReturnAddress[15]:       000000024ad2c680
        ReturnAddress[16]:       000000024ad2c680
        ReturnAddress[17]:       000000024ad2c680
        ReturnAddress[18]:       000000024ad2c680
        ReturnAddress[19]:       000000024ad2c680
        ReturnAddress[20]:       000000024ad2c680
        ReturnAddress[21]:       000000024ad2c680
        ReturnAddress[22]:       000000024ad2c680
        ReturnAddress[23]:       000000024ad2c680
        ReturnAddress[24]:       000000024ad2c680
        ReturnAddress[25]:       000000024ad2c680
        ReturnAddress[26]:       000000024ad2c680
        ReturnAddress[27]:       000000024ad2c680
        ReturnAddress[28]:       000000024ad2c680
        ReturnAddress[29]:       000000024ad2c680
        ReturnAddress[30]:       000000024ad2c680
        ReturnAddress[31]:       000000024ad2c680
    Stack Dump:                               00 01 02 03 04 05 06 07 08 09 0a 0b 0c 0d 0e 0f
                                 000008e9cf00 00 45 a1 36 00 00 00 00 ff ff ff ff ff ff ff ff
                                 000008e9cf10 60 cf e9 08 00 00 00 00 fc d3 a0 36 00 00 00 00
                                 000008e9cf20 10 78 a1 36 00 00 00 00 00 00 00 00 00 00 00 00
                                 000008e9cf30 10 78 a1 36 00 00 00 00 00 00 40 4c 0d 00 00 00
                                 000008e9cf40 00 10 18 00 00 00 00 00 00 d0 39 c6 00 00 00 00
                                 000008e9cf50 c0 41 a1 36 00 00 00 00 5c 88 a0 36 00 00 00 00
                                 000008e9cf60 b0 cf e9 08 00 00 00 00 a0 09 a0 36 00 00 00 00
                                 000008e9cf70 60 76 a1 36 00 00 00 00 00 70 a1 36 00 00 00 00
                                 000008e9cf80 b0 cf e9 08 00 00 00 00 b0 cf e9 08 00 00 00 00
                                 000008e9cf90 b0 cf e9 08 00 00 00 00 20 0b a0 36 00 00 00 00
                                 000008e9cfa0 fd 81 02 00 00 00 00 00 23 00 00 00 5b 07 00 00
                                 000008e9cfb0 b0 cf e9 08 00 00 00 00 80 c6 d2 4a 02 00 00 00
                                 000008e9cfc0 00 00 00 00 00 00 00 00 60 76 a1 36 00 00 00 00
                                 000008e9cfd0 00 a0 bd 4a 02 00 00 00 00 30 c6 00 00 00 00 00
                                 000008e9cfe0 60 87 a1 36 00 00 00 00 00 d0 39 c6 00 00 00 00
                                 000008e9cff0 c0 41 a1 36 00 00 00 00 ff ff ff ff ff ff ff ff
    TLS Address:                 0000000029b6a200
    TLS Dump:                                 00 01 02 03 04 05 06 07 08 09 0a 0b 0c 0d 0e 0f
                                 000029b6a200 00 00 00 00 0c 00 00 00 00 00 00 00 00 00 00 00
                                 000029b6a210 00 00 00 00 00 00 00 00 00 00 00 00 00 00 00 00
                                 000029b6a220 53 46 43 4f 00 00 00 00 02 02 00 00 e7 59 ea d4
                                 000029b6a230 00 00 00 00 00 00 00 00 00 00 00 00 00 00 00 00
                                 000029b6a240 00 02 00 00 00 00 00 00 10 00 00 00 00 00 00 00
                                 000029b6a250 04 00 71 01 18 cb e9 08 00 00 04 00 00 00 00 00
                                 000029b6a260 00 00 00 00 18 00 00 00 f8 c9 e9 08 00 00 18 00
                                 000029b6a270 16 00 00 00 00 00 00 00 8a 00 00 00 00 00 00 00
                                 000029b6a280 00 00 00 00 00 00 00 00 00 00 00 00 00 00 00 00
                                 000029b6a290 00 00 00 00 00 00 00 00 00 00 00 00 00 00 00 00
                                 000029b6a2a0 00 00 00 00 00 00 00 00 00 00 00 00 00 00 00 00
                                 000029b6a2b0 00 00 00 00 00 00 00 00 00 00 00 00 00 00 00 00
                                 000029b6a2c0 00 00 00 00 00 00 00 00 00 00 00 00 00 00 00 00
                                 000029b6a2d0 00 00 00 00 00 00 00 00 00 00 00 00 00 00 00 00
                                 000029b6a2e0 00 00 00 00 00 00 00 00 00 00 00 00 00 00 00 00
                                 000029b6a2f0 00 00 00 00 00 00 00 00 00 00 00 00 00 00 00 00
Module Info:
    Number of Modules:           1
    Module 00:
        Address:                 0000000036a00000-0000000036a0e000
        Name:                    hbl
        Module Id:               D028E66F866EAFA0825EB5A06AE3C05EFFF1AC62000000000000000000000000
Thread Report:
Number of Threads:               01
Threads[00]:
    Thread ID:                   0000000000000739
    Stack Region:                0000000008d9d000-0000000008e9d000
    Registers:
        X[00]:                   0000000000000000
        X[01]:                   0000000008e9cfac
        X[02]:                   0000000000000004
        X[03]:                   0000000000000000
        X[04]:                   0000000000000000
        X[05]:                   0000000036a14c88
        X[06]:                   0000000036a18ae0
        X[07]:                   0000000000000000
        X[08]:                   0000000000000000
        X[09]:                   0000000000000000
        X[10]:                   0000000000000000
        X[11]:                   0000000000000000
        X[12]:                   0000000000000000
        X[13]:                   0000000000000000
        X[14]:                   0000000000000000
        X[15]:                   0000000000000000
        X[16]:                   0000000000000000
        X[17]:                   0000000000000000
        X[18]:                   0000000000000000
        X[19]:                   0000000000000000
        X[20]:                   0000000000000000
        X[21]:                   0000000000000000
        X[22]:                   0000000000000000
        X[23]:                   0000000000000000
        X[24]:                   0000000000000000
        X[25]:                   0000000000000000
        X[26]:                   0000000000000000
        X[27]:                   0000000000000000
        X[28]:                   0000000000000000
        FP:                      0000000008e9cf90
        LR:                      0000000036a0567c (hbl + 0x567c)
        SP:                      0000000008e9cf90
        PC:                      0000000036a08b74 (hbl + 0x8b74)
    Stack Trace:
        ReturnAddress[00]:       0000000036a00b20 (hbl + 0xb20)
        ReturnAddress[01]:       000000024ad2c680
        ReturnAddress[02]:       000000024ad2c680
        ReturnAddress[03]:       000000024ad2c680
        ReturnAddress[04]:       000000024ad2c680
        ReturnAddress[05]:       000000024ad2c680
        ReturnAddress[06]:       000000024ad2c680
        ReturnAddress[07]:       000000024ad2c680
        ReturnAddress[08]:       000000024ad2c680
        ReturnAddress[09]:       000000024ad2c680
        ReturnAddress[10]:       000000024ad2c680
        ReturnAddress[11]:       000000024ad2c680
        ReturnAddress[12]:       000000024ad2c680
        ReturnAddress[13]:       000000024ad2c680
        ReturnAddress[14]:       000000024ad2c680
        ReturnAddress[15]:       000000024ad2c680
        ReturnAddress[16]:       000000024ad2c680
        ReturnAddress[17]:       000000024ad2c680
        ReturnAddress[18]:       000000024ad2c680
        ReturnAddress[19]:       000000024ad2c680
        ReturnAddress[20]:       000000024ad2c680
        ReturnAddress[21]:       000000024ad2c680
        ReturnAddress[22]:       000000024ad2c680
        ReturnAddress[23]:       000000024ad2c680
        ReturnAddress[24]:       000000024ad2c680
        ReturnAddress[25]:       000000024ad2c680
        ReturnAddress[26]:       000000024ad2c680
        ReturnAddress[27]:       000000024ad2c680
        ReturnAddress[28]:       000000024ad2c680
        ReturnAddress[29]:       000000024ad2c680
        ReturnAddress[30]:       000000024ad2c680
        ReturnAddress[31]:       000000024ad2c680
    Stack Dump:                               00 01 02 03 04 05 06 07 08 09 0a 0b 0c 0d 0e 0f
                                 000008e9cf00 00 45 a1 36 00 00 00 00 ff ff ff ff ff ff ff ff
                                 000008e9cf10 60 cf e9 08 00 00 00 00 fc d3 a0 36 00 00 00 00
                                 000008e9cf20 10 78 a1 36 00 00 00 00 00 00 00 00 00 00 00 00
                                 000008e9cf30 10 78 a1 36 00 00 00 00 00 00 40 4c 0d 00 00 00
                                 000008e9cf40 00 10 18 00 00 00 00 00 00 d0 39 c6 00 00 00 00
                                 000008e9cf50 c0 41 a1 36 00 00 00 00 5c 88 a0 36 00 00 00 00
                                 000008e9cf60 b0 cf e9 08 00 00 00 00 a0 09 a0 36 00 00 00 00
                                 000008e9cf70 60 76 a1 36 00 00 00 00 00 70 a1 36 00 00 00 00
                                 000008e9cf80 b0 cf e9 08 00 00 00 00 b0 cf e9 08 00 00 00 00
                                 000008e9cf90 b0 cf e9 08 00 00 00 00 20 0b a0 36 00 00 00 00
                                 000008e9cfa0 fd 81 02 00 00 00 00 00 23 00 00 00 5b 07 00 00
                                 000008e9cfb0 b0 cf e9 08 00 00 00 00 80 c6 d2 4a 02 00 00 00
                                 000008e9cfc0 00 00 00 00 00 00 00 00 60 76 a1 36 00 00 00 00
                                 000008e9cfd0 00 a0 bd 4a 02 00 00 00 00 30 c6 00 00 00 00 00
                                 000008e9cfe0 60 87 a1 36 00 00 00 00 00 d0 39 c6 00 00 00 00
                                 000008e9cff0 c0 41 a1 36 00 00 00 00 ff ff ff ff ff ff ff ff
    TLS Address:                 0000000029b6a200
    TLS Dump:                                 00 01 02 03 04 05 06 07 08 09 0a 0b 0c 0d 0e 0f
                                 000029b6a200 00 00 00 00 0c 00 00 00 00 00 00 00 00 00 00 00
                                 000029b6a210 00 00 00 00 00 00 00 00 00 00 00 00 00 00 00 00
                                 000029b6a220 53 46 43 4f 00 00 00 00 02 02 00 00 e7 59 ea d4
                                 000029b6a230 00 00 00 00 00 00 00 00 00 00 00 00 00 00 00 00
                                 000029b6a240 00 02 00 00 00 00 00 00 10 00 00 00 00 00 00 00
                                 000029b6a250 04 00 71 01 18 cb e9 08 00 00 04 00 00 00 00 00
                                 000029b6a260 00 00 00 00 18 00 00 00 f8 c9 e9 08 00 00 18 00
                                 000029b6a270 16 00 00 00 00 00 00 00 8a 00 00 00 00 00 00 00
                                 000029b6a280 00 00 00 00 00 00 00 00 00 00 00 00 00 00 00 00
                                 000029b6a290 00 00 00 00 00 00 00 00 00 00 00 00 00 00 00 00
                                 000029b6a2a0 00 00 00 00 00 00 00 00 00 00 00 00 00 00 00 00
                                 000029b6a2b0 00 00 00 00 00 00 00 00 00 00 00 00 00 00 00 00
                                 000029b6a2c0 00 00 00 00 00 00 00 00 00 00 00 00 00 00 00 00
                                 000029b6a2d0 00 00 00 00 00 00 00 00 00 00 00 00 00 00 00 00
                                 000029b6a2e0 00 00 00 00 00 00 00 00 00 00 00 00 00 00 00 00
                                 000029b6a2f0 00 00 00 00 00 00 00 00 00 00 00 00 00 00 00 00
