Atmosphère Crash Report (v1.7):
Result:                          0x615 (2021-0003)

Process Info:
    Process Name:                controller
    Program ID:                  0100000000001003
    Process ID:                  000000000000009f
    Process Flags:               000010b7
    User Exception Address:      00000019e15f2000
Exception Info:
    Type:                        User Break
    Address:                     0000001885951714 (controller.nss + 0x151714)
    Break Reason:                0x0
    Break Address:               0000003eae008a18
    Break Size:                  0x4
Crashed Thread Info:
    Thread ID:                   00000000000008de
    Thread Name:                 Prepare Thread
    Stack Region:                0000003eadff5000-0000003eae009000
    Registers:
        X[00]:                   0000000000000000
        X[01]:                   0000003eae008a18
        X[02]:                   0000000000000004
        X[03]:                   0000000000000008
        X[04]:                   0000000000000000
        X[05]:                   0000000000000000
        X[06]:                   0000000000000000
        X[07]:                   0000000000000000
        X[08]:                   0000000000000000
        X[09]:                   0000000000000000
        X[10]:                   0000000000000000
        X[11]:                   0000000000000000
        X[12]:                   0000000000000000
        X[13]:                   0000000000000000
        X[14]:                   0000000000000000
        X[15]:                   0000000000000000
        X[16]:                   0000000000000000
        X[17]:                   0000000000000000
        X[18]:                   0000000000000000
        X[19]:                   0000000000000000
        X[20]:                   0000000000000000
        X[21]:                   0000000000000000
        X[22]:                   0000000000000000
        X[23]:                   0000000000000000
        X[24]:                   0000000000000000
        X[25]:                   0000000000000000
        X[26]:                   0000000000000000
        X[27]:                   0000000000000000
        X[28]:                   0000000000000000
        FP:                      0000003eae008850
        LR:                      00000018859167d8 (controller.nss + 0x1167d8)
        SP:                      0000003eae008850
        PC:                      0000001885951710 (controller.nss + 0x151710)
    Stack Trace:
        ReturnAddress[00]:       0000001885915c54 (controller.nss + 0x115c54)
        ReturnAddress[01]:       0000001885915d08 (controller.nss + 0x115d08)
        ReturnAddress[02]:       0000001885915de8 (controller.nss + 0x115de8)
        ReturnAddress[03]:       00000018859dfdcc (controller.nss + 0x1dfdcc)
        ReturnAddress[04]:       00000018859dfacc (controller.nss + 0x1dfacc)
        ReturnAddress[05]:       0000001885b39aec (controller.nss + 0x339aec)
        ReturnAddress[06]:       0000001885b39804 (controller.nss + 0x339804)
        ReturnAddress[07]:       0000001885bc23b0 (controller.nss + 0x3c23b0)
        ReturnAddress[08]:       00000018859eba2c (controller.nss + 0x1eba2c)
        ReturnAddress[09]:       0000001885a07a40 (controller.nss + 0x207a40)
        ReturnAddress[10]:       0000001885a072b0 (controller.nss + 0x2072b0)
        ReturnAddress[11]:       000000188590c680 (controller.nss + 0x10c680)
        ReturnAddress[12]:       000000188590f544 (controller.nss + 0x10f544)
        ReturnAddress[13]:       0000000000000000
    Stack Dump:                               00 01 02 03 04 05 06 07 08 09 0a 0b 0c 0d 0e 0f
                                 003eae008850 e0 88 00 ae 3e 00 00 00 54 5c 91 85 18 00 00 00
                                 003eae008860 03 00 00 00 3e 00 00 00 d0 88 00 ae 3e 00 00 00
                                 003eae008870 43 e1 bc 85 18 00 00 00 43 e1 bc 85 18 00 00 00
                                 003eae008880 43 e1 bc 85 18 00 00 00 00 00 00 00 18 00 00 00
                                 003eae008890 15 06 00 00 6c 00 00 00 00 00 00 00 00 00 00 00
                                 003eae0088a0 03 00 00 00 3e 00 00 00 d0 88 00 ae 3e 00 00 00
                                 003eae0088b0 43 e1 bc 85 18 00 00 00 43 e1 bc 85 18 00 00 00
                                 003eae0088c0 43 e1 bc 85 18 00 00 00 00 00 00 00 18 00 00 00
                                 003eae0088d0 43 e1 bc 85 18 00 00 00 d0 89 00 ae 3e 00 00 00
                                 003eae0088e0 f0 89 00 ae 3e 00 00 00 08 5d 91 85 18 00 00 00
                                 003eae0088f0 5c 81 31 ca 6c 00 00 00 a4 b9 90 85 18 00 00 00
                                 003eae008900 00 e0 d5 85 18 00 00 00 00 80 de 85 18 00 00 00
                                 003eae008910 e4 04 33 ca 6c 00 00 00 00 80 de 85 18 00 00 00
                                 003eae008920 00 10 de 85 18 00 00 00 00 7f d5 85 18 00 00 00
                                 003eae008930 15 06 00 00 00 00 00 00 68 8a 00 ae 3e 00 00 00
                                 003eae008940 00 00 00 00 00 00 00 00 00 00 00 00 00 00 00 00
    TLS Address:                 00000019e15f2600
    TLS Dump:                                 00 01 02 03 04 05 06 07 08 09 0a 0b 0c 0d 0e 0f
                                 0019e15f2600 02 00 00 00 00 00 00 00 01 00 00 00 9f 00 00 00
                                 0019e15f2610 53 46 43 4f 00 00 00 00 00 00 00 00 66 87 32 91
                                 0019e15f2620 03 10 00 00 00 00 00 01 02 00 00 00 00 00 00 00
                                 0019e15f2630 15 06 00 00 00 00 00 00 00 00 00 00 00 00 00 00
                                 0019e15f2640 00 00 00 00 00 00 00 00 9f 00 00 00 00 00 00 00
                                 0019e15f2650 28 00 00 00 a8 6e 00 ae 3e 00 28 00 00 00 00 00
                                 0019e15f2660 00 00 00 00 00 00 00 00 00 00 00 00 00 00 00 00
                                 0019e15f2670 00 00 00 00 00 00 00 00 00 00 00 00 00 00 00 00
                                 0019e15f2680 00 00 00 00 00 00 00 00 00 00 00 00 00 00 00 00
                                 0019e15f2690 00 00 00 00 00 00 00 00 00 00 00 00 00 00 00 00
                                 0019e15f26a0 00 00 00 00 00 00 00 00 00 00 00 00 00 00 00 00
                                 0019e15f26b0 00 00 00 00 00 00 00 00 00 00 00 00 00 00 00 00
                                 0019e15f26c0 00 00 00 00 00 00 00 00 00 00 00 00 00 00 00 00
                                 0019e15f26d0 00 00 00 00 00 00 00 00 00 00 00 00 00 00 00 00
                                 0019e15f26e0 00 00 00 00 00 00 00 00 00 00 00 00 00 00 00 00
                                 0019e15f26f0 00 00 00 00 00 00 00 00 00 00 00 00 00 00 00 00
Module Info:
    Number of Modules:           1
    Module 00:
        Address:                 0000001885800000-0000001885bc7000
        Name:                    controller.nss
        Module Id:               A47178EFF699D3CF7D53A5D7575DDC1646554BE0000000000000000000000000
Thread Report:
Number of Threads:               10
Threads[00]:
    Thread ID:                   00000000000008dc
    Thread Name:                 MainThread
    Stack Region:                0000003ebec60000-0000003ebed60000
    Registers:
        X[00]:                   0000000000989680
        X[01]:                   000000000002ee00
        X[02]:                   0000000000000000
        X[03]:                   0000000000000000
        X[04]:                   0000000000000000
        X[05]:                   0000000000000000
        X[06]:                   0000000000000000
        X[07]:                   0000000000000000
        X[08]:                   0000000000000000
        X[09]:                   0000000000000000
        X[10]:                   0000000000000000
        X[11]:                   0000000000000000
        X[12]:                   0000000000000000
        X[13]:                   0000000000000000
        X[14]:                   0000000000000000
        X[15]:                   0000000000000000
        X[16]:                   0000000000000000
        X[17]:                   0000000000000000
        X[18]:                   0000000000000000
        X[19]:                   0000000000000000
        X[20]:                   0000000000000000
        X[21]:                   0000000000000000
        X[22]:                   0000000000000000
        X[23]:                   0000000000000000
        X[24]:                   0000000000000000
        X[25]:                   0000000000000000
        X[26]:                   0000000000000000
        X[27]:                   0000000000000000
        X[28]:                   0000000000000000
        FP:                      0000003ebed5fcd0
        LR:                      00000018859e8f20 (controller.nss + 0x1e8f20)
        SP:                      0000003ebed5fcd0
        PC:                      0000001885951610 (controller.nss + 0x151610)
    Stack Trace:
        ReturnAddress[00]:       00000018859e7920 (controller.nss + 0x1e7920)
        ReturnAddress[01]:       00000018859e8778 (controller.nss + 0x1e8778)
        ReturnAddress[02]:       0000001885acb444 (controller.nss + 0x2cb444)
        ReturnAddress[03]:       00000018858052cc (controller.nss + 0x52cc)
        ReturnAddress[04]:       000000188585f2d4 (controller.nss + 0x5f2d4)
        ReturnAddress[05]:       00000018858000d8 (controller.nss + 0xd8)
    Stack Dump:                               00 01 02 03 04 05 06 07 08 09 0a 0b 0c 0d 0e 0f
                                 003ebed5fcd0 00 fd d5 be 3e 00 00 00 20 79 9e 85 18 00 00 00
                                 003ebed5fce0 60 fe d5 be 3e 00 00 00 60 fe d5 be 3e 00 00 00
                                 003ebed5fcf0 90 83 46 c9 6c 00 00 00 90 83 46 c9 6c 00 00 00
                                 003ebed5fd00 50 fd d5 be 3e 00 00 00 78 87 9e 85 18 00 00 00
                                 003ebed5fd10 00 00 42 c9 6c 00 00 00 00 00 42 c9 6c 00 00 00
                                 003ebed5fd20 d0 70 7c c9 6c 00 00 00 20 00 00 00 00 40 01 00
                                 003ebed5fd30 0c 00 00 00 18 00 00 00 90 fd d5 be 3e 00 00 00
                                 003ebed5fd40 00 00 42 c9 6c 00 00 00 90 83 46 c9 6c 00 00 00
                                 003ebed5fd50 d0 fe d5 be 3e 00 00 00 44 b4 ac 85 18 00 00 00
                                 003ebed5fd60 01 00 00 00 00 00 00 00 f4 b3 ac 85 18 00 00 00
                                 003ebed5fd70 d0 70 7c c9 6c 00 00 00 90 83 46 c9 6c 00 00 00
                                 003ebed5fd80 00 00 42 c9 6c 00 00 00 50 89 46 c9 6c 00 00 00
                                 003ebed5fd90 02 00 00 00 00 00 00 00 70 b4 ac 85 18 00 00 00
                                 003ebed5fda0 00 00 00 00 00 00 00 00 00 00 00 00 00 00 00 00
                                 003ebed5fdb0 00 00 00 00 00 00 00 00 00 00 00 00 00 00 00 00
                                 003ebed5fdc0 00 00 00 00 00 00 00 00 00 00 00 00 00 00 00 ff
    TLS Address:                 00000019e15f2200
    TLS Dump:                                 00 01 02 03 04 05 06 07 08 09 0a 0b 0c 0d 0e 0f
                                 0019e15f2200 06 00 00 00 08 00 00 00 00 00 00 00 00 00 00 00
                                 0019e15f2210 02 00 00 00 1f 00 00 00 00 00 00 00 00 00 00 00
                                 0019e15f2220 53 46 43 4f 00 00 00 00 00 00 00 00 9a 46 9f 91
                                 0019e15f2230 00 00 00 00 00 00 00 00 00 00 00 00 00 00 00 00
                                 0019e15f2240 00 00 00 00 00 00 00 00 0b 00 00 00 00 00 00 00
                                 0019e15f2250 00 00 00 00 00 00 00 00 3e 00 28 00 40 00 30 00
                                 0019e15f2260 c0 f7 d5 be 18 00 40 00 48 f9 d5 be 3e 00 18 00
                                 0019e15f2270 00 00 00 00 00 00 00 00 00 00 00 00 00 00 00 00
                                 0019e15f2280 00 00 00 00 00 00 00 00 00 00 00 00 00 00 00 00
                                 0019e15f2290 00 00 00 00 00 00 00 00 00 00 00 00 00 00 00 00
                                 0019e15f22a0 00 00 00 00 00 00 00 00 00 00 00 00 00 00 00 00
                                 0019e15f22b0 00 00 00 00 00 00 00 00 00 00 00 00 00 00 00 00
                                 0019e15f22c0 00 00 00 00 00 00 00 00 00 00 00 00 00 00 00 00
                                 0019e15f22d0 00 00 00 00 00 00 00 00 00 00 00 00 00 00 00 00
                                 0019e15f22e0 00 00 00 00 00 00 00 00 00 00 00 00 00 00 00 00
                                 0019e15f22f0 00 00 00 00 00 00 00 00 00 00 00 00 00 00 00 00
Threads[01]:
    Thread ID:                   00000000000008dd
    Thread Name:                 DecompThread
    Stack Region:                0000003eafa2b000-0000003eafa2c000
    Registers:
        X[00]:                   0000006cc9461f28
        X[01]:                   0000006cc9461f30
        X[02]:                   00000000000401f8
        X[03]:                   ffffffffffffffff
        X[04]:                   0000000000000000
        X[05]:                   0000000000000000
        X[06]:                   0000000000000000
        X[07]:                   0000000000000000
        X[08]:                   0000000000000000
        X[09]:                   0000000000000000
        X[10]:                   0000000000000000
        X[11]:                   0000000000000000
        X[12]:                   0000000000000000
        X[13]:                   0000000000000000
        X[14]:                   0000000000000000
        X[15]:                   0000000000000000
        X[16]:                   0000000000000000
        X[17]:                   0000000000000000
        X[18]:                   0000000000000000
        X[19]:                   0000000000000000
        X[20]:                   0000000000000000
        X[21]:                   0000000000000000
        X[22]:                   0000000000000000
        X[23]:                   0000000000000000
        X[24]:                   0000000000000000
        X[25]:                   0000000000000000
        X[26]:                   0000000000000000
        X[27]:                   0000000000000000
        X[28]:                   0000000000000000
        FP:                      0000003eafa2bed0
        LR:                      000000188591000c (controller.nss + 0x11000c)
        SP:                      0000003eafa2bed0
        PC:                      00000018859516c0 (controller.nss + 0x1516c0)
    Stack Trace:
        ReturnAddress[00]:       000000188590b63c (controller.nss + 0x10b63c)
        ReturnAddress[01]:       0000001885a0793c (controller.nss + 0x20793c)
        ReturnAddress[02]:       0000001885a07a20 (controller.nss + 0x207a20)
        ReturnAddress[03]:       0000001885a072b0 (controller.nss + 0x2072b0)
        ReturnAddress[04]:       000000188590c680 (controller.nss + 0x10c680)
        ReturnAddress[05]:       000000188590f544 (controller.nss + 0x10f544)
        ReturnAddress[06]:       0000000000000000
    Stack Dump:                               00 01 02 03 04 05 06 07 08 09 0a 0b 0c 0d 0e 0f
                                 003eafa2bed0 00 bf a2 af 3e 00 00 00 3c b6 90 85 18 00 00 00
                                 003eafa2bee0 38 bf a2 af 3e 00 00 00 24 b6 90 85 18 00 00 00
                                 003eafa2bef0 28 1f 46 c9 6c 00 00 00 f0 1e 46 c9 6c 00 00 00
                                 003eafa2bf00 40 bf a2 af 3e 00 00 00 3c 79 a0 85 18 00 00 00
                                 003eafa2bf10 00 00 00 00 00 00 00 00 cc 41 46 c9 6c 00 00 00
                                 003eafa2bf20 f0 1e 46 c9 6c 00 00 00 c0 1e 46 c9 6c 00 00 00
                                 003eafa2bf30 00 00 00 00 00 00 00 00 00 00 00 00 00 00 00 00
                                 003eafa2bf40 50 bf a2 af 3e 00 00 00 20 7a a0 85 18 00 00 00
                                 003eafa2bf50 70 bf a2 af 3e 00 00 00 b0 72 a0 85 18 00 00 00
                                 003eafa2bf60 00 00 00 00 00 00 00 00 c0 1e 46 c9 6c 00 00 00
                                 003eafa2bf70 90 bf a2 af 3e 00 00 00 80 c6 90 85 18 00 00 00
                                 003eafa2bf80 20 40 46 c9 6c 00 00 00 c8 41 46 c9 6c 00 00 00
                                 003eafa2bf90 c0 bf a2 af 3e 00 00 00 44 f5 90 85 18 00 00 00
                                 003eafa2bfa0 00 00 00 00 00 00 00 00 00 00 00 00 00 00 00 00
                                 003eafa2bfb0 00 00 00 00 00 00 00 00 20 40 46 c9 6c 00 00 00
                                 003eafa2bfc0 00 00 00 00 00 00 00 00 00 00 00 00 00 00 00 00
    TLS Address:                 00000019e15f2400
    TLS Dump:                                 00 01 02 03 04 05 06 07 08 09 0a 0b 0c 0d 0e 0f
                                 0019e15f2400 00 00 00 00 00 00 00 00 00 00 00 00 00 00 00 00
                                 0019e15f2410 00 00 00 00 00 00 00 00 00 00 00 00 00 00 00 00
                                 0019e15f2420 00 00 00 00 00 00 00 00 00 00 00 00 00 00 00 00
                                 0019e15f2430 00 00 00 00 00 00 00 00 00 00 00 00 00 00 00 00
                                 0019e15f2440 00 00 00 00 00 00 00 00 00 00 00 00 00 00 00 00
                                 0019e15f2450 00 00 00 00 00 00 00 00 00 00 00 00 00 00 00 00
                                 0019e15f2460 00 00 00 00 00 00 00 00 00 00 00 00 00 00 00 00
                                 0019e15f2470 00 00 00 00 00 00 00 00 00 00 00 00 00 00 00 00
                                 0019e15f2480 00 00 00 00 00 00 00 00 00 00 00 00 00 00 00 00
                                 0019e15f2490 00 00 00 00 00 00 00 00 00 00 00 00 00 00 00 00
                                 0019e15f24a0 00 00 00 00 00 00 00 00 00 00 00 00 00 00 00 00
                                 0019e15f24b0 00 00 00 00 00 00 00 00 00 00 00 00 00 00 00 00
                                 0019e15f24c0 00 00 00 00 00 00 00 00 00 00 00 00 00 00 00 00
                                 0019e15f24d0 00 00 00 00 00 00 00 00 00 00 00 00 00 00 00 00
                                 0019e15f24e0 00 00 00 00 00 00 00 00 00 00 00 00 00 00 00 00
                                 0019e15f24f0 00 00 00 00 00 00 00 00 00 00 00 00 00 00 00 00
Threads[02]:
    Thread ID:                   00000000000008de
    Thread Name:                 Prepare Thread
    Stack Region:                0000003eadff5000-0000003eae009000
    Registers:
        X[00]:                   0000000000000000
        X[01]:                   0000003eae008a18
        X[02]:                   0000000000000004
        X[03]:                   0000000000000008
        X[04]:                   0000000000000000
        X[05]:                   0000000000000000
        X[06]:                   0000000000000000
        X[07]:                   0000000000000000
        X[08]:                   0000000000000000
        X[09]:                   0000000000000000
        X[10]:                   0000000000000000
        X[11]:                   0000000000000000
        X[12]:                   0000000000000000
        X[13]:                   0000000000000000
        X[14]:                   0000000000000000
        X[15]:                   0000000000000000
        X[16]:                   0000000000000000
        X[17]:                   0000000000000000
        X[18]:                   0000000000000000
        X[19]:                   0000000000000000
        X[20]:                   0000000000000000
        X[21]:                   0000000000000000
        X[22]:                   0000000000000000
        X[23]:                   0000000000000000
        X[24]:                   0000000000000000
        X[25]:                   0000000000000000
        X[26]:                   0000000000000000
        X[27]:                   0000000000000000
        X[28]:                   0000000000000000
        FP:                      0000003eae008850
        LR:                      00000018859167d8 (controller.nss + 0x1167d8)
        SP:                      0000003eae008850
        PC:                      0000001885951710 (controller.nss + 0x151710)
    Stack Trace:
        ReturnAddress[00]:       0000001885915c54 (controller.nss + 0x115c54)
        ReturnAddress[01]:       0000001885915d08 (controller.nss + 0x115d08)
        ReturnAddress[02]:       0000001885915de8 (controller.nss + 0x115de8)
        ReturnAddress[03]:       00000018859dfdcc (controller.nss + 0x1dfdcc)
        ReturnAddress[04]:       00000018859dfacc (controller.nss + 0x1dfacc)
        ReturnAddress[05]:       0000001885b39aec (controller.nss + 0x339aec)
        ReturnAddress[06]:       0000001885b39804 (controller.nss + 0x339804)
        ReturnAddress[07]:       0000001885bc23b0 (controller.nss + 0x3c23b0)
        ReturnAddress[08]:       00000018859eba2c (controller.nss + 0x1eba2c)
        ReturnAddress[09]:       0000001885a07a40 (controller.nss + 0x207a40)
        ReturnAddress[10]:       0000001885a072b0 (controller.nss + 0x2072b0)
        ReturnAddress[11]:       000000188590c680 (controller.nss + 0x10c680)
        ReturnAddress[12]:       000000188590f544 (controller.nss + 0x10f544)
        ReturnAddress[13]:       0000000000000000
    Stack Dump:                               00 01 02 03 04 05 06 07 08 09 0a 0b 0c 0d 0e 0f
                                 003eae008850 e0 88 00 ae 3e 00 00 00 54 5c 91 85 18 00 00 00
                                 003eae008860 03 00 00 00 3e 00 00 00 d0 88 00 ae 3e 00 00 00
                                 003eae008870 43 e1 bc 85 18 00 00 00 43 e1 bc 85 18 00 00 00
                                 003eae008880 43 e1 bc 85 18 00 00 00 00 00 00 00 18 00 00 00
                                 003eae008890 15 06 00 00 6c 00 00 00 00 00 00 00 00 00 00 00
                                 003eae0088a0 03 00 00 00 3e 00 00 00 d0 88 00 ae 3e 00 00 00
                                 003eae0088b0 43 e1 bc 85 18 00 00 00 43 e1 bc 85 18 00 00 00
                                 003eae0088c0 43 e1 bc 85 18 00 00 00 00 00 00 00 18 00 00 00
                                 003eae0088d0 43 e1 bc 85 18 00 00 00 d0 89 00 ae 3e 00 00 00
                                 003eae0088e0 f0 89 00 ae 3e 00 00 00 08 5d 91 85 18 00 00 00
                                 003eae0088f0 5c 81 31 ca 6c 00 00 00 a4 b9 90 85 18 00 00 00
                                 003eae008900 00 e0 d5 85 18 00 00 00 00 80 de 85 18 00 00 00
                                 003eae008910 e4 04 33 ca 6c 00 00 00 00 80 de 85 18 00 00 00
                                 003eae008920 00 10 de 85 18 00 00 00 00 7f d5 85 18 00 00 00
                                 003eae008930 15 06 00 00 00 00 00 00 68 8a 00 ae 3e 00 00 00
                                 003eae008940 00 00 00 00 00 00 00 00 00 00 00 00 00 00 00 00
    TLS Address:                 00000019e15f2600
    TLS Dump:                                 00 01 02 03 04 05 06 07 08 09 0a 0b 0c 0d 0e 0f
                                 0019e15f2600 02 00 00 00 00 00 00 00 01 00 00 00 9f 00 00 00
                                 0019e15f2610 53 46 43 4f 00 00 00 00 00 00 00 00 66 87 32 91
                                 0019e15f2620 03 10 00 00 00 00 00 01 02 00 00 00 00 00 00 00
                                 0019e15f2630 15 06 00 00 00 00 00 00 00 00 00 00 00 00 00 00
                                 0019e15f2640 00 00 00 00 00 00 00 00 9f 00 00 00 00 00 00 00
                                 0019e15f2650 28 00 00 00 a8 6e 00 ae 3e 00 28 00 00 00 00 00
                                 0019e15f2660 00 00 00 00 00 00 00 00 00 00 00 00 00 00 00 00
                                 0019e15f2670 00 00 00 00 00 00 00 00 00 00 00 00 00 00 00 00
                                 0019e15f2680 00 00 00 00 00 00 00 00 00 00 00 00 00 00 00 00
                                 0019e15f2690 00 00 00 00 00 00 00 00 00 00 00 00 00 00 00 00
                                 0019e15f26a0 00 00 00 00 00 00 00 00 00 00 00 00 00 00 00 00
                                 0019e15f26b0 00 00 00 00 00 00 00 00 00 00 00 00 00 00 00 00
                                 0019e15f26c0 00 00 00 00 00 00 00 00 00 00 00 00 00 00 00 00
                                 0019e15f26d0 00 00 00 00 00 00 00 00 00 00 00 00 00 00 00 00
                                 0019e15f26e0 00 00 00 00 00 00 00 00 00 00 00 00 00 00 00 00
                                 0019e15f26f0 00 00 00 00 00 00 00 00 00 00 00 00 00 00 00 00
Threads[03]:
    Thread ID:                   00000000000008df
    Thread Name:                 SceneWorker
    Stack Region:                0000003e8e27a000-0000003e8e2ba000
    Registers:
        X[00]:                   0000006cc992ac54
        X[01]:                   0000006cc992ac58
        X[02]:                   00000000000a81ec
        X[03]:                   ffffffffffffffff
        X[04]:                   0000000000000000
        X[05]:                   0000000000000000
        X[06]:                   0000000000000000
        X[07]:                   0000000000000000
        X[08]:                   0000000000000000
        X[09]:                   0000000000000000
        X[10]:                   0000000000000000
        X[11]:                   0000000000000000
        X[12]:                   0000000000000000
        X[13]:                   0000000000000000
        X[14]:                   0000000000000000
        X[15]:                   0000000000000000
        X[16]:                   0000000000000000
        X[17]:                   0000000000000000
        X[18]:                   0000000000000000
        X[19]:                   0000000000000000
        X[20]:                   0000000000000000
        X[21]:                   0000000000000000
        X[22]:                   0000000000000000
        X[23]:                   0000000000000000
        X[24]:                   0000000000000000
        X[25]:                   0000000000000000
        X[26]:                   0000000000000000
        X[27]:                   0000000000000000
        X[28]:                   0000000000000000
        FP:                      0000003e8e2b9e80
        LR:                      000000188591000c (controller.nss + 0x11000c)
        SP:                      0000003e8e2b9e80
        PC:                      00000018859516c0 (controller.nss + 0x1516c0)
    Stack Trace:
        ReturnAddress[00]:       000000188590ad38 (controller.nss + 0x10ad38)
        ReturnAddress[01]:       0000001885bc6544 (controller.nss + 0x3c6544)
        ReturnAddress[02]:       0000001885a07a40 (controller.nss + 0x207a40)
        ReturnAddress[03]:       0000001885a072b0 (controller.nss + 0x2072b0)
        ReturnAddress[04]:       000000188590c680 (controller.nss + 0x10c680)
        ReturnAddress[05]:       000000188590f544 (controller.nss + 0x10f544)
        ReturnAddress[06]:       0000000000000000
    Stack Dump:                               00 01 02 03 04 05 06 07 08 09 0a 0b 0c 0d 0e 0f
                                 003e8e2b9e80 b0 9e 2b 8e 3e 00 00 00 38 ad 90 85 18 00 00 00
                                 003e8e2b9e90 58 ac 92 c9 6c 00 00 00 10 ad 90 85 18 00 00 00
                                 003e8e2b9ea0 38 ac 92 c9 6c 00 00 00 54 ac 92 c9 6c 00 00 00
                                 003e8e2b9eb0 f0 9e 2b 8e 3e 00 00 00 44 65 bc 85 18 00 00 00
                                 003e8e2b9ec0 60 ac 92 c9 6c 00 00 00 18 ac 92 c9 6c 00 00 00
                                 003e8e2b9ed0 01 00 00 00 00 00 00 00 08 ac 92 c9 6c 00 00 00
                                 003e8e2b9ee0 00 9f 2b 8e 3e 00 00 00 00 00 00 00 18 00 00 00
                                 003e8e2b9ef0 50 9f 2b 8e 3e 00 00 00 40 7a a0 85 18 00 00 00
                                 003e8e2b9f00 00 00 00 00 00 00 00 00 00 00 00 00 00 00 00 00
                                 003e8e2b9f10 00 00 00 00 00 00 00 00 00 00 00 00 00 00 00 00
                                 003e8e2b9f20 00 00 00 00 00 00 00 00 00 00 00 00 00 00 00 00
                                 003e8e2b9f30 00 00 00 00 00 00 00 00 cc c1 96 c9 6c 00 00 00
                                 003e8e2b9f40 f0 af 92 c9 6c 00 00 00 c0 af 92 c9 6c 00 00 00
                                 003e8e2b9f50 70 9f 2b 8e 3e 00 00 00 b0 72 a0 85 18 00 00 00
                                 003e8e2b9f60 00 00 00 00 00 00 00 00 c0 af 92 c9 6c 00 00 00
                                 003e8e2b9f70 90 9f 2b 8e 3e 00 00 00 80 c6 90 85 18 00 00 00
    TLS Address:                 00000019e15f2800
    TLS Dump:                                 00 01 02 03 04 05 06 07 08 09 0a 0b 0c 0d 0e 0f
                                 0019e15f2800 00 00 00 00 00 00 00 00 00 00 00 00 00 00 00 00
                                 0019e15f2810 00 00 00 00 00 00 00 00 00 00 00 00 00 00 00 00
                                 0019e15f2820 00 00 00 00 00 00 00 00 00 00 00 00 00 00 00 00
                                 0019e15f2830 00 00 00 00 00 00 00 00 00 00 00 00 00 00 00 00
                                 0019e15f2840 00 00 00 00 00 00 00 00 00 00 00 00 00 00 00 00
                                 0019e15f2850 00 00 00 00 00 00 00 00 00 00 00 00 00 00 00 00
                                 0019e15f2860 00 00 00 00 00 00 00 00 00 00 00 00 00 00 00 00
                                 0019e15f2870 00 00 00 00 00 00 00 00 00 00 00 00 00 00 00 00
                                 0019e15f2880 00 00 00 00 00 00 00 00 00 00 00 00 00 00 00 00
                                 0019e15f2890 00 00 00 00 00 00 00 00 00 00 00 00 00 00 00 00
                                 0019e15f28a0 00 00 00 00 00 00 00 00 00 00 00 00 00 00 00 00
                                 0019e15f28b0 00 00 00 00 00 00 00 00 00 00 00 00 00 00 00 00
                                 0019e15f28c0 00 00 00 00 00 00 00 00 00 00 00 00 00 00 00 00
                                 0019e15f28d0 00 00 00 00 00 00 00 00 00 00 00 00 00 00 00 00
                                 0019e15f28e0 00 00 00 00 00 00 00 00 00 00 00 00 00 00 00 00
                                 0019e15f28f0 00 00 00 00 00 00 00 00 00 00 00 00 00 00 00 00
Threads[04]:
    Thread ID:                   00000000000008e0
    Thread Name:                 DefaultWorker
    Stack Region:                0000003e6aa36000-0000003e6aa76000
    Registers:
        X[00]:                   0000006cc996c24c
        X[01]:                   0000006cc996c250
        X[02]:                   00000000000b01eb
        X[03]:                   ffffffffffffffff
        X[04]:                   0000000000000000
        X[05]:                   0000000000000000
        X[06]:                   0000000000000000
        X[07]:                   0000000000000000
        X[08]:                   0000000000000000
        X[09]:                   0000000000000000
        X[10]:                   0000000000000000
        X[11]:                   0000000000000000
        X[12]:                   0000000000000000
        X[13]:                   0000000000000000
        X[14]:                   0000000000000000
        X[15]:                   0000000000000000
        X[16]:                   0000000000000000
        X[17]:                   0000000000000000
        X[18]:                   0000000000000000
        X[19]:                   0000000000000000
        X[20]:                   0000000000000000
        X[21]:                   0000000000000000
        X[22]:                   0000000000000000
        X[23]:                   0000000000000000
        X[24]:                   0000000000000000
        X[25]:                   0000000000000000
        X[26]:                   0000000000000000
        X[27]:                   0000000000000000
        X[28]:                   0000000000000000
        FP:                      0000003e6aa75e80
        LR:                      000000188591000c (controller.nss + 0x11000c)
        SP:                      0000003e6aa75e80
        PC:                      00000018859516c0 (controller.nss + 0x1516c0)
    Stack Trace:
        ReturnAddress[00]:       000000188590ad38 (controller.nss + 0x10ad38)
        ReturnAddress[01]:       0000001885bc6544 (controller.nss + 0x3c6544)
        ReturnAddress[02]:       0000001885a07a40 (controller.nss + 0x207a40)
        ReturnAddress[03]:       0000001885a072b0 (controller.nss + 0x2072b0)
        ReturnAddress[04]:       000000188590c680 (controller.nss + 0x10c680)
        ReturnAddress[05]:       000000188590f544 (controller.nss + 0x10f544)
        ReturnAddress[06]:       0000000000000000
    Stack Dump:                               00 01 02 03 04 05 06 07 08 09 0a 0b 0c 0d 0e 0f
                                 003e6aa75e80 b0 5e a7 6a 3e 00 00 00 38 ad 90 85 18 00 00 00
                                 003e6aa75e90 50 c2 96 c9 6c 00 00 00 10 ad 90 85 18 00 00 00
                                 003e6aa75ea0 30 c2 96 c9 6c 00 00 00 4c c2 96 c9 6c 00 00 00
                                 003e6aa75eb0 f0 5e a7 6a 3e 00 00 00 44 65 bc 85 18 00 00 00
                                 003e6aa75ec0 58 c2 96 c9 6c 00 00 00 10 c2 96 c9 6c 00 00 00
                                 003e6aa75ed0 01 00 00 00 00 00 00 00 00 c2 96 c9 6c 00 00 00
                                 003e6aa75ee0 00 5f a7 6a 3e 00 00 00 00 00 00 00 18 00 00 00
                                 003e6aa75ef0 50 5f a7 6a 3e 00 00 00 40 7a a0 85 18 00 00 00
                                 003e6aa75f00 00 00 00 00 00 00 00 00 00 00 00 00 00 00 00 00
                                 003e6aa75f10 00 00 00 00 00 00 00 00 00 00 00 00 00 00 00 00
                                 003e6aa75f20 00 00 00 00 00 00 00 00 00 00 00 00 00 00 00 00
                                 003e6aa75f30 00 00 00 00 00 00 00 00 cc d1 9a c9 6c 00 00 00
                                 003e6aa75f40 e8 c5 96 c9 6c 00 00 00 b8 c5 96 c9 6c 00 00 00
                                 003e6aa75f50 70 5f a7 6a 3e 00 00 00 b0 72 a0 85 18 00 00 00
                                 003e6aa75f60 00 00 00 00 00 00 00 00 b8 c5 96 c9 6c 00 00 00
                                 003e6aa75f70 90 5f a7 6a 3e 00 00 00 80 c6 90 85 18 00 00 00
    TLS Address:                 00000019e15f2a00
    TLS Dump:                                 00 01 02 03 04 05 06 07 08 09 0a 0b 0c 0d 0e 0f
                                 0019e15f2a00 00 00 00 00 00 00 00 00 00 00 00 00 00 00 00 00
                                 0019e15f2a10 00 00 00 00 00 00 00 00 00 00 00 00 00 00 00 00
                                 0019e15f2a20 00 00 00 00 00 00 00 00 00 00 00 00 00 00 00 00
                                 0019e15f2a30 00 00 00 00 00 00 00 00 00 00 00 00 00 00 00 00
                                 0019e15f2a40 00 00 00 00 00 00 00 00 00 00 00 00 00 00 00 00
                                 0019e15f2a50 00 00 00 00 00 00 00 00 00 00 00 00 00 00 00 00
                                 0019e15f2a60 00 00 00 00 00 00 00 00 00 00 00 00 00 00 00 00
                                 0019e15f2a70 00 00 00 00 00 00 00 00 00 00 00 00 00 00 00 00
                                 0019e15f2a80 00 00 00 00 00 00 00 00 00 00 00 00 00 00 00 00
                                 0019e15f2a90 00 00 00 00 00 00 00 00 00 00 00 00 00 00 00 00
                                 0019e15f2aa0 00 00 00 00 00 00 00 00 00 00 00 00 00 00 00 00
                                 0019e15f2ab0 00 00 00 00 00 00 00 00 00 00 00 00 00 00 00 00
                                 0019e15f2ac0 00 00 00 00 00 00 00 00 00 00 00 00 00 00 00 00
                                 0019e15f2ad0 00 00 00 00 00 00 00 00 00 00 00 00 00 00 00 00
                                 0019e15f2ae0 00 00 00 00 00 00 00 00 00 00 00 00 00 00 00 00
                                 0019e15f2af0 00 00 00 00 00 00 00 00 00 00 00 00 00 00 00 00
Threads[05]:
    Thread ID:                   00000000000008e1
    Thread Name:                 UpdateTextureCache
    Stack Region:                0000003e615d9000-0000003e615e9000
    Registers:
        X[00]:                   0000006cc99b0058
        X[01]:                   0000006cc99b0060
        X[02]:                   00000000000e01e9
        X[03]:                   ffffffffffffffff
        X[04]:                   0000000000000000
        X[05]:                   0000000000000000
        X[06]:                   0000000000000000
        X[07]:                   0000000000000000
        X[08]:                   0000000000000000
        X[09]:                   0000000000000000
        X[10]:                   0000000000000000
        X[11]:                   0000000000000000
        X[12]:                   0000000000000000
        X[13]:                   0000000000000000
        X[14]:                   0000000000000000
        X[15]:                   0000000000000000
        X[16]:                   0000000000000000
        X[17]:                   0000000000000000
        X[18]:                   0000000000000000
        X[19]:                   0000000000000000
        X[20]:                   0000000000000000
        X[21]:                   0000000000000000
        X[22]:                   0000000000000000
        X[23]:                   0000000000000000
        X[24]:                   0000000000000000
        X[25]:                   0000000000000000
        X[26]:                   0000000000000000
        X[27]:                   0000000000000000
        X[28]:                   0000000000000000
        FP:                      0000003e615e8ed0
        LR:                      000000188591000c (controller.nss + 0x11000c)
        SP:                      0000003e615e8ed0
        PC:                      00000018859516c0 (controller.nss + 0x1516c0)
    Stack Trace:
        ReturnAddress[00]:       000000188590b63c (controller.nss + 0x10b63c)
        ReturnAddress[01]:       0000001885a0793c (controller.nss + 0x20793c)
        ReturnAddress[02]:       0000001885a07a20 (controller.nss + 0x207a20)
        ReturnAddress[03]:       0000001885a072b0 (controller.nss + 0x2072b0)
        ReturnAddress[04]:       000000188590c680 (controller.nss + 0x10c680)
        ReturnAddress[05]:       000000188590f544 (controller.nss + 0x10f544)
        ReturnAddress[06]:       0000000000000000
    Stack Dump:                               00 01 02 03 04 05 06 07 08 09 0a 0b 0c 0d 0e 0f
                                 003e615e8ed0 00 8f 5e 61 3e 00 00 00 3c b6 90 85 18 00 00 00
                                 003e615e8ee0 38 8f 5e 61 3e 00 00 00 24 b6 90 85 18 00 00 00
                                 003e615e8ef0 58 00 9b c9 6c 00 00 00 20 00 9b c9 6c 00 00 00
                                 003e615e8f00 40 8f 5e 61 3e 00 00 00 3c 79 a0 85 18 00 00 00
                                 003e615e8f10 00 00 00 00 00 00 00 00 cc 11 9c c9 6c 00 00 00
                                 003e615e8f20 20 00 9b c9 6c 00 00 00 f0 ff 9a c9 6c 00 00 00
                                 003e615e8f30 00 00 00 00 00 00 00 00 00 00 00 00 00 00 00 00
                                 003e615e8f40 50 8f 5e 61 3e 00 00 00 20 7a a0 85 18 00 00 00
                                 003e615e8f50 70 8f 5e 61 3e 00 00 00 b0 72 a0 85 18 00 00 00
                                 003e615e8f60 00 00 00 00 00 00 00 00 f0 ff 9a c9 6c 00 00 00
                                 003e615e8f70 90 8f 5e 61 3e 00 00 00 80 c6 90 85 18 00 00 00
                                 003e615e8f80 20 10 9c c9 6c 00 00 00 c8 11 9c c9 6c 00 00 00
                                 003e615e8f90 c0 8f 5e 61 3e 00 00 00 44 f5 90 85 18 00 00 00
                                 003e615e8fa0 00 00 00 00 00 00 00 00 00 00 00 00 00 00 00 00
                                 003e615e8fb0 00 00 00 00 00 00 00 00 20 10 9c c9 6c 00 00 00
                                 003e615e8fc0 00 00 00 00 00 00 00 00 00 00 00 00 00 00 00 00
    TLS Address:                 00000019e15f2c00
    TLS Dump:                                 00 01 02 03 04 05 06 07 08 09 0a 0b 0c 0d 0e 0f
                                 0019e15f2c00 00 00 00 00 00 00 00 00 00 00 00 00 00 00 00 00
                                 0019e15f2c10 00 00 00 00 00 00 00 00 00 00 00 00 00 00 00 00
                                 0019e15f2c20 00 00 00 00 00 00 00 00 00 00 00 00 00 00 00 00
                                 0019e15f2c30 00 00 00 00 00 00 00 00 00 00 00 00 00 00 00 00
                                 0019e15f2c40 00 00 00 00 00 00 00 00 00 00 00 00 00 00 00 00
                                 0019e15f2c50 00 00 00 00 00 00 00 00 00 00 00 00 00 00 00 00
                                 0019e15f2c60 00 00 00 00 00 00 00 00 00 00 00 00 00 00 00 00
                                 0019e15f2c70 00 00 00 00 00 00 00 00 00 00 00 00 00 00 00 00
                                 0019e15f2c80 00 00 00 00 00 00 00 00 00 00 00 00 00 00 00 00
                                 0019e15f2c90 00 00 00 00 00 00 00 00 00 00 00 00 00 00 00 00
                                 0019e15f2ca0 00 00 00 00 00 00 00 00 00 00 00 00 00 00 00 00
                                 0019e15f2cb0 00 00 00 00 00 00 00 00 00 00 00 00 00 00 00 00
                                 0019e15f2cc0 00 00 00 00 00 00 00 00 00 00 00 00 00 00 00 00
                                 0019e15f2cd0 00 00 00 00 00 00 00 00 00 00 00 00 00 00 00 00
                                 0019e15f2ce0 00 00 00 00 00 00 00 00 00 00 00 00 00 00 00 00
                                 0019e15f2cf0 00 00 00 00 00 00 00 00 00 00 00 00 00 00 00 00
Threads[06]:
    Thread ID:                   00000000000008e2
    Thread Name:                 InputQueueThread
    Stack Region:                0000003e5fbc9000-0000003e5fbca000
    Registers:
        X[00]:                   0000003e5fbc9f28
        X[01]:                   0000003e5fbc9f2c
        X[02]:                   0000000000000001
        X[03]:                   ffffffffffffffff
        X[04]:                   0000000000000000
        X[05]:                   0000000000000000
        X[06]:                   0000000000000000
        X[07]:                   0000000000000000
        X[08]:                   0000000000000000
        X[09]:                   0000000000000000
        X[10]:                   0000000000000000
        X[11]:                   0000000000000000
        X[12]:                   0000000000000000
        X[13]:                   0000000000000000
        X[14]:                   0000000000000000
        X[15]:                   0000000000000000
        X[16]:                   0000000000000000
        X[17]:                   0000000000000000
        X[18]:                   0000000000000000
        X[19]:                   0000000000000000
        X[20]:                   0000000000000000
        X[21]:                   0000000000000000
        X[22]:                   0000000000000000
        X[23]:                   0000000000000000
        X[24]:                   0000000000000000
        X[25]:                   0000000000000000
        X[26]:                   0000000000000000
        X[27]:                   0000000000000000
        X[28]:                   0000000000000000
        FP:                      0000003e5fbc9f30
        LR:                      000000188590fa64 (controller.nss + 0x10fa64)
        SP:                      0000003e5fbc9f10
        PC:                      0000001885951694 (controller.nss + 0x151694)
    Stack Trace:
        ReturnAddress[00]:       0000001885a07a40 (controller.nss + 0x207a40)
        ReturnAddress[01]:       0000001885a072b0 (controller.nss + 0x2072b0)
        ReturnAddress[02]:       000000188590c680 (controller.nss + 0x10c680)
        ReturnAddress[03]:       000000188590f544 (controller.nss + 0x10f544)
        ReturnAddress[04]:       0000000000000000
    Stack Dump:                               00 01 02 03 04 05 06 07 08 09 0a 0b 0c 0d 0e 0f
                                 003e5fbc9f00 50 9f bc 5f 3e 00 00 00 40 7a a0 85 18 00 00 00
                                 003e5fbc9f10 28 9f bc 5f 3e 00 00 00 00 00 00 00 00 00 00 00
                                 003e5fbc9f20 00 00 00 00 00 00 00 00 00 00 00 00 f1 01 08 00
                                 003e5fbc9f30 50 9f bc 5f 3e 00 00 00 40 7a a0 85 18 00 00 00
                                 003e5fbc9f40 78 08 17 ca 6c 00 00 00 48 08 17 ca 6c 00 00 00
                                 003e5fbc9f50 70 9f bc 5f 3e 00 00 00 b0 72 a0 85 18 00 00 00
                                 003e5fbc9f60 00 00 00 00 00 00 00 00 48 08 17 ca 6c 00 00 00
                                 003e5fbc9f70 90 9f bc 5f 3e 00 00 00 80 c6 90 85 18 00 00 00
                                 003e5fbc9f80 20 20 17 ca 6c 00 00 00 c8 21 17 ca 6c 00 00 00
                                 003e5fbc9f90 c0 9f bc 5f 3e 00 00 00 44 f5 90 85 18 00 00 00
                                 003e5fbc9fa0 00 00 00 00 00 00 00 00 00 00 00 00 00 00 00 00
                                 003e5fbc9fb0 00 00 00 00 00 00 00 00 20 20 17 ca 6c 00 00 00
                                 003e5fbc9fc0 00 00 00 00 00 00 00 00 00 00 00 00 00 00 00 00
                                 003e5fbc9fd0 00 00 00 00 00 00 00 00 40 06 00 00 00 00 00 00
                                 003e5fbc9fe0 10 c6 90 85 18 00 00 00 c0 20 17 ca 6c 00 00 00
                                 003e5fbc9ff0 07 00 00 00 00 00 00 00 90 0f d0 85 18 00 00 00
    TLS Address:                 00000019e15f2e00
    TLS Dump:                                 00 01 02 03 04 05 06 07 08 09 0a 0b 0c 0d 0e 0f
                                 0019e15f2e00 00 00 00 00 00 00 00 00 00 00 00 00 00 00 00 00
                                 0019e15f2e10 00 00 00 00 00 00 00 00 00 00 00 00 00 00 00 00
                                 0019e15f2e20 00 00 00 00 00 00 00 00 00 00 00 00 00 00 00 00
                                 0019e15f2e30 00 00 00 00 00 00 00 00 00 00 00 00 00 00 00 00
                                 0019e15f2e40 00 00 00 00 00 00 00 00 00 00 00 00 00 00 00 00
                                 0019e15f2e50 00 00 00 00 00 00 00 00 00 00 00 00 00 00 00 00
                                 0019e15f2e60 00 00 00 00 00 00 00 00 00 00 00 00 00 00 00 00
                                 0019e15f2e70 00 00 00 00 00 00 00 00 00 00 00 00 00 00 00 00
                                 0019e15f2e80 00 00 00 00 00 00 00 00 00 00 00 00 00 00 00 00
                                 0019e15f2e90 00 00 00 00 00 00 00 00 00 00 00 00 00 00 00 00
                                 0019e15f2ea0 00 00 00 00 00 00 00 00 00 00 00 00 00 00 00 00
                                 0019e15f2eb0 00 00 00 00 00 00 00 00 00 00 00 00 00 00 00 00
                                 0019e15f2ec0 00 00 00 00 00 00 00 00 00 00 00 00 00 00 00 00
                                 0019e15f2ed0 00 00 00 00 00 00 00 00 00 00 00 00 00 00 00 00
                                 0019e15f2ee0 00 00 00 00 00 00 00 00 00 00 00 00 00 00 00 00
                                 0019e15f2ef0 00 00 00 00 00 00 00 00 00 00 00 00 00 00 00 00
Threads[07]:
    Thread ID:                   00000000000008e3
    Stack Region:                0000003e61e4c000-0000003e61e50000
    Registers:
        X[00]:                   0000003e61e4fe1c
        X[01]:                   0000003e61e4fe2c
        X[02]:                   0000000000000001
        X[03]:                   0000000002160ec0
        X[04]:                   0000000000000000
        X[05]:                   0000000000000000
        X[06]:                   0000000000000000
        X[07]:                   0000000000000000
        X[08]:                   0000000000000000
        X[09]:                   0000000000000000
        X[10]:                   0000000000000000
        X[11]:                   0000000000000000
        X[12]:                   0000000000000000
        X[13]:                   0000000000000000
        X[14]:                   0000000000000000
        X[15]:                   0000000000000000
        X[16]:                   0000000000000000
        X[17]:                   0000000000000000
        X[18]:                   0000000000000000
        X[19]:                   0000000000000000
        X[20]:                   0000000000000000
        X[21]:                   0000000000000000
        X[22]:                   0000000000000000
        X[23]:                   0000000000000000
        X[24]:                   0000000000000000
        X[25]:                   0000000000000000
        X[26]:                   0000000000000000
        X[27]:                   0000000000000000
        X[28]:                   0000000000000000
        FP:                      0000003e61e4fe30
        LR:                      000000188590fbf0 (controller.nss + 0x10fbf0)
        SP:                      0000003e61e4fe00
        PC:                      0000001885951694 (controller.nss + 0x151694)
    Stack Trace:
        ReturnAddress[00]:       0000001885bb3400 (controller.nss + 0x3b3400)
        ReturnAddress[01]:       000000188584fc28 (controller.nss + 0x4fc28)
        ReturnAddress[02]:       000000188585bfe0 (controller.nss + 0x5bfe0)
        ReturnAddress[03]:       000000188590c680 (controller.nss + 0x10c680)
        ReturnAddress[04]:       000000188590f544 (controller.nss + 0x10f544)
        ReturnAddress[05]:       0000000000000000
    Stack Dump:                               00 01 02 03 04 05 06 07 08 09 0a 0b 0c 0d 0e 0f
                                 003e61e4fe00 1c fe e4 61 3e 00 00 00 70 e5 db 85 18 00 00 00
                                 003e61e4fe10 48 93 17 ca 6c 00 00 00 28 fe e4 61 3e 00 00 00
                                 003e61e4fe20 ff c5 67 7a 5e 00 00 00 00 00 00 00 e2 01 1c 00
                                 003e61e4fe30 50 fe e4 61 3e 00 00 00 00 34 bb 85 18 00 00 00
                                 003e61e4fe40 e8 90 17 ca 6c 00 00 00 e0 90 17 ca 6c 00 00 00
                                 003e61e4fe50 10 ff e4 61 3e 00 00 00 28 fc 84 85 18 00 00 00
                                 003e61e4fe60 40 f5 d6 85 18 00 00 00 b8 f7 d6 85 18 00 00 00
                                 003e61e4fe70 08 f8 d6 85 18 00 00 00 68 f8 d6 85 18 00 00 00
                                 003e61e4fe80 00 e1 f5 05 00 00 00 00 48 f3 d6 85 18 00 00 00
                                 003e61e4fe90 00 00 00 00 00 00 00 00 08 f8 d6 85 18 00 00 00
                                 003e61e4fea0 20 f8 d6 85 18 00 00 00 18 f8 d6 85 18 00 00 00
                                 003e61e4feb0 f0 f7 d6 85 18 00 00 00 e8 f7 d6 85 18 00 00 00
                                 003e61e4fec0 30 f8 d6 85 18 00 00 00 28 f8 d6 85 18 00 00 00
                                 003e61e4fed0 e0 f7 d6 85 18 00 00 00 d8 f7 d6 85 18 00 00 00
                                 003e61e4fee0 d0 f7 d6 85 18 00 00 00 c8 f7 d6 85 18 00 00 00
                                 003e61e4fef0 10 f8 d6 85 18 00 00 00 48 f8 d6 85 18 00 00 00
    TLS Address:                 0000001ad68d0000
    TLS Dump:                                 00 01 02 03 04 05 06 07 08 09 0a 0b 0c 0d 0e 0f
                                 001ad68d0000 00 00 01 00 09 00 00 00 c0 e0 08 00 28 fe e4 61
                                 001ad68d0010 53 46 43 4f 00 00 00 00 00 00 00 00 a5 25 62 61
                                 001ad68d0020 00 00 00 00 00 00 00 00 00 00 00 00 00 00 00 00
                                 001ad68d0030 00 00 00 00 08 00 00 00 28 fe e4 61 3e 00 08 00
                                 001ad68d0040 00 00 00 00 00 00 00 00 00 00 00 00 00 00 00 00
                                 001ad68d0050 00 00 00 00 00 00 00 00 00 00 00 00 00 00 00 00
                                 001ad68d0060 00 00 00 00 00 00 00 00 00 00 00 00 00 00 00 00
                                 001ad68d0070 00 00 00 00 00 00 00 00 00 00 00 00 00 00 00 00
                                 001ad68d0080 00 00 00 00 00 00 00 00 00 00 00 00 00 00 00 00
                                 001ad68d0090 00 00 00 00 00 00 00 00 00 00 00 00 00 00 00 00
                                 001ad68d00a0 00 00 00 00 00 00 00 00 00 00 00 00 00 00 00 00
                                 001ad68d00b0 00 00 00 00 00 00 00 00 00 00 00 00 00 00 00 00
                                 001ad68d00c0 00 00 00 00 00 00 00 00 00 00 00 00 00 00 00 00
                                 001ad68d00d0 00 00 00 00 00 00 00 00 00 00 00 00 00 00 00 00
                                 001ad68d00e0 00 00 00 00 00 00 00 00 00 00 00 00 00 00 00 00
                                 001ad68d00f0 00 00 00 00 00 00 00 00 00 00 00 00 00 00 00 00
Threads[08]:
    Thread ID:                   00000000000008e4
    Stack Region:                0000003e78767000-0000003e7876f000
    Registers:
        X[00]:                   0000006cca327020
        X[01]:                   0000000000000000
        X[02]:                   0000000000000000
        X[03]:                   0000000000000000
        X[04]:                   0000000000000000
        X[05]:                   0000000000000000
        X[06]:                   0000000000000000
        X[07]:                   0000000000000000
        X[08]:                   0000000000000000
        X[09]:                   0000000000000000
        X[10]:                   0000000000000000
        X[11]:                   0000000000000000
        X[12]:                   0000000000000000
        X[13]:                   0000000000000000
        X[14]:                   0000000000000000
        X[15]:                   0000000000000000
        X[16]:                   0000000000000000
        X[17]:                   0000000000000000
        X[18]:                   4f35d289089baf45
        X[19]:                   0000000000000000
        X[20]:                   0000000000000000
        X[21]:                   0000000000000000
        X[22]:                   0000000000000000
        X[23]:                   0000000000000000
        X[24]:                   0000000000000000
        X[25]:                   0000000000000000
        X[26]:                   0000000000000000
        X[27]:                   0000000000000000
        X[28]:                   0000000000000000
        FP:                      0000000000000000
        LR:                      0000000000000000
        SP:                      0000003e7876efe0
        PC:                      000000188590f4f0 (controller.nss + 0x10f4f0)
    Stack Dump:                               00 01 02 03 04 05 06 07 08 09 0a 0b 0c 0d 0e 0f
                                 003e7876ef00 00 00 00 00 00 00 00 00 00 00 00 00 00 00 00 00
                                 003e7876ef10 00 00 00 00 00 00 00 00 00 00 00 00 00 00 00 00
                                 003e7876ef20 00 00 00 00 00 00 00 00 00 00 00 00 00 00 00 00
                                 003e7876ef30 00 00 00 00 00 00 00 00 00 00 00 00 00 00 00 00
                                 003e7876ef40 00 00 00 00 00 00 00 00 00 00 00 00 00 00 00 00
                                 003e7876ef50 00 00 00 00 00 00 00 00 00 00 00 00 00 00 00 00
                                 003e7876ef60 00 00 00 00 00 00 00 00 00 00 00 00 00 00 00 00
                                 003e7876ef70 00 00 00 00 00 00 00 00 00 00 00 00 00 00 00 00
                                 003e7876ef80 00 00 00 00 00 00 00 00 00 00 00 00 00 00 00 00
                                 003e7876ef90 00 00 00 00 00 00 00 00 00 00 00 00 00 00 00 00
                                 003e7876efa0 00 00 00 00 00 00 00 00 00 00 00 00 00 00 00 00
                                 003e7876efb0 00 00 00 00 00 00 00 00 00 00 00 00 00 00 00 00
                                 003e7876efc0 00 00 00 00 00 00 00 00 00 00 00 00 00 00 00 00
                                 003e7876efd0 00 00 00 00 00 00 00 00 00 00 00 00 00 00 00 00
                                 003e7876efe0 10 c6 90 85 18 00 00 00 00 00 00 00 00 00 00 00
                                 003e7876eff0 00 00 00 00 00 00 00 00 00 00 00 00 00 00 00 00
Threads[09]:
    Thread ID:                   00000000000008e5
    Stack Region:                0000003e73af6000-0000003e73afe000
    Registers:
        X[00]:                   0000006cca330020
        X[01]:                   0000000000000000
        X[02]:                   0000000000000000
        X[03]:                   0000000000000000
        X[04]:                   0000000000000000
        X[05]:                   0000000000000000
        X[06]:                   0000000000000000
        X[07]:                   0000000000000000
        X[08]:                   0000000000000000
        X[09]:                   0000000000000000
        X[10]:                   0000000000000000
        X[11]:                   0000000000000000
        X[12]:                   0000000000000000
        X[13]:                   0000000000000000
        X[14]:                   0000000000000000
        X[15]:                   0000000000000000
        X[16]:                   0000000000000000
        X[17]:                   0000000000000000
        X[18]:                   74b28c912822bc39
        X[19]:                   0000000000000000
        X[20]:                   0000000000000000
        X[21]:                   0000000000000000
        X[22]:                   0000000000000000
        X[23]:                   0000000000000000
        X[24]:                   0000000000000000
        X[25]:                   0000000000000000
        X[26]:                   0000000000000000
        X[27]:                   0000000000000000
        X[28]:                   0000000000000000
        FP:                      0000000000000000
        LR:                      0000000000000000
        SP:                      0000003e73afdfe0
        PC:                      000000188590f4f0 (controller.nss + 0x10f4f0)
    Stack Dump:                               00 01 02 03 04 05 06 07 08 09 0a 0b 0c 0d 0e 0f
                                 003e73afdf00 00 00 00 00 00 00 00 00 00 00 00 00 00 00 00 00
                                 003e73afdf10 00 00 00 00 00 00 00 00 00 00 00 00 00 00 00 00
                                 003e73afdf20 00 00 00 00 00 00 00 00 00 00 00 00 00 00 00 00
                                 003e73afdf30 00 00 00 00 00 00 00 00 00 00 00 00 00 00 00 00
                                 003e73afdf40 00 00 00 00 00 00 00 00 00 00 00 00 00 00 00 00
                                 003e73afdf50 00 00 00 00 00 00 00 00 00 00 00 00 00 00 00 00
                                 003e73afdf60 00 00 00 00 00 00 00 00 00 00 00 00 00 00 00 00
                                 003e73afdf70 00 00 00 00 00 00 00 00 00 00 00 00 00 00 00 00
                                 003e73afdf80 00 00 00 00 00 00 00 00 00 00 00 00 00 00 00 00
                                 003e73afdf90 00 00 00 00 00 00 00 00 00 00 00 00 00 00 00 00
                                 003e73afdfa0 00 00 00 00 00 00 00 00 00 00 00 00 00 00 00 00
                                 003e73afdfb0 00 00 00 00 00 00 00 00 00 00 00 00 00 00 00 00
                                 003e73afdfc0 00 00 00 00 00 00 00 00 00 00 00 00 00 00 00 00
                                 003e73afdfd0 00 00 00 00 00 00 00 00 00 00 00 00 00 00 00 00
                                 003e73afdfe0 10 c6 90 85 18 00 00 00 00 00 00 00 00 00 00 00
                                 003e73afdff0 00 00 00 00 00 00 00 00 00 00 00 00 00 00 00 00
